#
# There is insufficient memory for the Java Runtime Environment to continue.
# Native memory allocation (malloc) failed to allocate 237408 bytes for Chunk::new
# Possible reasons:
#   The system is out of physical RAM or swap space
#   The process is running with CompressedOops enabled, and the Java Heap may be blocking the growth of the native heap
# Possible solutions:
#   Reduce memory load on the system
#   Increase physical memory or swap space
#   Check if swap backing store is full
#   Decrease Java heap size (-Xmx/-Xms)
#   Decrease number of Java threads
#   Decrease Java thread stack sizes (-Xss)
#   Set larger code cache with -XX:ReservedCodeCacheSize=
#   JVM is running with Unscaled Compressed Oops mode in which the Java heap is
#     placed in the first 4GB address space. The Java Heap base address is the
#     maximum limit for the native heap growth. Please use -XX:HeapBaseMinAddress
#     to set the Java Heap base and to place the Java Heap above 4GB virtual address.
# This output file may be truncated or incomplete.
#
#  Out of Memory Error (./open/src/hotspot/share/memory/arena.cpp:195), pid=21428, tid=34500
#
# JRE version: OpenJDK Runtime Environment (15.0.2+7) (build 15.0.2+7-27)
# Java VM: OpenJDK 64-Bit Server VM (15.0.2+7-27, mixed mode, sharing, tiered, compressed oops, g1 gc, windows-amd64)
# No core dump will be written. Minidumps are not enabled by default on client versions of Windows
#

---------------  S U M M A R Y ------------

Command Line: -javaagent:C:\Program Files\JetBrains\IntelliJ IDEA 2020.3.2\lib\idea_rt.jar=56530:C:\Program Files\JetBrains\IntelliJ IDEA 2020.3.2\bin -Dfile.encoding=UTF-8 com.raes.Main

Host: Intel(R) Core(TM) i7-9700 CPU @ 3.00GHz, 8 cores, 7G,  Windows 10 , 64 bit Build 19041 (10.0.19041.804)
Time: Fri Feb 26 10:26:05 2021 Hora estándar, América Central elapsed time: 0.305477 seconds (0d 0h 0m 0s)

---------------  T H R E A D  ---------------

Current thread (0x00000209d0754620):  JavaThread "C2 CompilerThread2" daemon [_thread_in_native, id=34500, stack(0x000000bcacf00000,0x000000bcad000000)]


Current CompileTask:
C2:    305  819       4       java.util.HashMap::resize (356 bytes)

Stack: [0x000000bcacf00000,0x000000bcad000000]
Native frames: (J=compiled Java code, j=interpreted, Vv=VM code, C=native code)
V  [jvm.dll+0x62ae9a]
V  [jvm.dll+0x7817a9]
V  [jvm.dll+0x782f03]
V  [jvm.dll+0x783563]
V  [jvm.dll+0x216325]
V  [jvm.dll+0x97f3a]
V  [jvm.dll+0x9861c]
V  [jvm.dll+0x32e305]
V  [jvm.dll+0x2f768a]
V  [jvm.dll+0x2f6a4a]
V  [jvm.dll+0x1ea705]
V  [jvm.dll+0x1e996e]
V  [jvm.dll+0x178567]
V  [jvm.dll+0x1f9225]
V  [jvm.dll+0x1f72cc]
V  [jvm.dll+0x74495d]
V  [jvm.dll+0x73d75a]
V  [jvm.dll+0x629c56]
C  [ucrtbase.dll+0x21bb2]
C  [KERNEL32.DLL+0x17034]
C  [ntdll.dll+0x4d241]


---------------  P R O C E S S  ---------------

Threads class SMR info:
_java_thread_list=0x00000209d08e76e0, length=14, elements={
0x00000209b1220100, 0x00000209cfc0c380, 0x00000209cfc0d600, 0x00000209cfc24d80,
0x00000209cfc29660, 0x00000209cfc29f20, 0x00000209cfc2c470, 0x00000209cfc31360,
0x00000209cfc34410, 0x00000209d0658170, 0x00000209d06b9810, 0x00000209d06bd2a0,
0x00000209d08be5c0, 0x00000209d0754620
}

Java Threads: ( => current thread )
  0x00000209b1220100 JavaThread "main" [_thread_blocked, id=29848, stack(0x000000bcabb00000,0x000000bcabc00000)]
  0x00000209cfc0c380 JavaThread "Reference Handler" daemon [_thread_blocked, id=25344, stack(0x000000bcac200000,0x000000bcac300000)]
  0x00000209cfc0d600 JavaThread "Finalizer" daemon [_thread_blocked, id=30160, stack(0x000000bcac300000,0x000000bcac400000)]
  0x00000209cfc24d80 JavaThread "Signal Dispatcher" daemon [_thread_blocked, id=42656, stack(0x000000bcac400000,0x000000bcac500000)]
  0x00000209cfc29660 JavaThread "Attach Listener" daemon [_thread_blocked, id=7408, stack(0x000000bcac500000,0x000000bcac600000)]
  0x00000209cfc29f20 JavaThread "Service Thread" daemon [_thread_blocked, id=42020, stack(0x000000bcac600000,0x000000bcac700000)]
  0x00000209cfc2c470 JavaThread "C2 CompilerThread0" daemon [_thread_in_native, id=40820, stack(0x000000bcac700000,0x000000bcac800000)]
  0x00000209cfc31360 JavaThread "C1 CompilerThread0" daemon [_thread_blocked, id=7124, stack(0x000000bcac800000,0x000000bcac900000)]
  0x00000209cfc34410 JavaThread "Sweeper thread" daemon [_thread_blocked, id=9124, stack(0x000000bcac900000,0x000000bcaca00000)]
  0x00000209d0658170 JavaThread "Common-Cleaner" daemon [_thread_blocked, id=52340, stack(0x000000bcaca00000,0x000000bcacb00000)]
  0x00000209d06b9810 JavaThread "Monitor Ctrl-Break" daemon [_thread_in_native, id=23484, stack(0x000000bcacb00000,0x000000bcacc00000)]
  0x00000209d06bd2a0 JavaThread "Notification Thread" daemon [_thread_blocked, id=2420, stack(0x000000bcacc00000,0x000000bcacd00000)]
  0x00000209d08be5c0 JavaThread "C2 CompilerThread1" daemon [_thread_blocked, id=12576, stack(0x000000bcace00000,0x000000bcacf00000)]
=>0x00000209d0754620 JavaThread "C2 CompilerThread2" daemon [_thread_in_native, id=34500, stack(0x000000bcacf00000,0x000000bcad000000)]

Other Threads:
  0x00000209cfc0a450 VMThread "VM Thread" [stack: 0x000000bcac100000,0x000000bcac200000] [id=32580]
  0x00000209d06c1c00 WatcherThread [stack: 0x000000bcacd00000,0x000000bcace00000] [id=40892]
  0x00000209b1260830 GCTaskThread "GC Thread#0" [stack: 0x000000bcabc00000,0x000000bcabd00000] [id=23612]
  0x00000209d0cd7180 GCTaskThread "GC Thread#1" [stack: 0x000000bcad000000,0x000000bcad100000] [id=6952]
  0x00000209d0cd6b20 GCTaskThread "GC Thread#2" [stack: 0x000000bcad100000,0x000000bcad200000] [id=50204]
  0x00000209b12712d0 ConcurrentGCThread "G1 Main Marker" [stack: 0x000000bcabd00000,0x000000bcabe00000] [id=43492]
  0x00000209b1272570 ConcurrentGCThread "G1 Conc#0" [stack: 0x000000bcabe00000,0x000000bcabf00000] [id=42876]
  0x00000209b12fde70 ConcurrentGCThread "G1 Refine#0" [stack: 0x000000bcabf00000,0x000000bcac000000] [id=38284]
  0x00000209b12fe820 ConcurrentGCThread "G1 Young RemSet Sampling" [stack: 0x000000bcac000000,0x000000bcac100000] [id=52732]

Threads with active compile tasks:
C2 CompilerThread0      406  824       4       sun.security.util.AbstractAlgorithmConstraints::checkAlgorithm (140 bytes)
C2 CompilerThread1      406  849       4       java.util.regex.Pattern$Branch::match (66 bytes)
C2 CompilerThread2      406  819       4       java.util.HashMap::resize (356 bytes)

VM state: at safepoint (normal execution)

VM Mutex/Monitor currently owned by a thread:  ([mutex/lock_event])
[0x00000209b121c0c0] Threads_lock - owner thread: 0x00000209cfc0a450
[0x00000209b121c030] Heap_lock - owner thread: 0x00000209b1220100

Heap address: 0x0000000082e00000, size: 2002 MB, Compressed Oops mode: 32-bit
CDS archive(s) mapped at: [0x0000000800000000-0x0000000800b50000-0x0000000800b50000), size 11862016, SharedBaseAddress: 0x0000000800000000, ArchiveRelocationMode: 0.
Compressed class space mapped at: 0x0000000800b50000-0x0000000840b50000, size: 1073741824
Narrow klass base: 0x0000000800000000, Narrow klass shift: 3, Narrow klass range: 0x100000000

GC Precious Log:
 CPUs: 8 total, 8 available
 Memory: 8001M
 Large Page Support: Disabled
 NUMA Support: Disabled
 Compressed Oops: Enabled (32-bit)
 Heap Region Size: 1M
 Heap Min Capacity: 8M
 Heap Initial Capacity: 126M
 Heap Max Capacity: 2002M
 Pre-touch: Disabled
 Parallel Workers: 8
 Concurrent Workers: 2
 Concurrent Refinement Workers: 8
 Periodic GC: Disabled

Heap:
 garbage-first heap   total 129024K, used 2904K [0x0000000082e00000, 0x0000000100000000)
  region size 1024K, 3 young (3072K), 3 survivors (3072K)
 Metaspace       used 6419K, capacity 6591K, committed 6656K, reserved 1077248K
  class space    used 694K, capacity 721K, committed 768K, reserved 1048576K

Heap Regions: E=young(eden), S=young(survivor), O=old, HS=humongous(starts), HC=humongous(continues), CS=collection set, F=free, OA=open archive, CA=closed archive, TAMS=top-at-mark-start (previous, next)
|   0|0x0000000082e00000, 0x0000000082e00000, 0x0000000082f00000|  0%| F|  |TAMS 0x0000000082e00000, 0x0000000082e00000| Untracked 
|   1|0x0000000082f00000, 0x0000000082f00000, 0x0000000083000000|  0%| F|  |TAMS 0x0000000082f00000, 0x0000000082f00000| Untracked 
|   2|0x0000000083000000, 0x0000000083000000, 0x0000000083100000|  0%| F|  |TAMS 0x0000000083000000, 0x0000000083000000| Untracked 
|   3|0x0000000083100000, 0x0000000083100000, 0x0000000083200000|  0%| F|  |TAMS 0x0000000083100000, 0x0000000083100000| Untracked 
|   4|0x0000000083200000, 0x0000000083200000, 0x0000000083300000|  0%| F|  |TAMS 0x0000000083200000, 0x0000000083200000| Untracked 
|   5|0x0000000083300000, 0x0000000083300000, 0x0000000083400000|  0%| F|  |TAMS 0x0000000083300000, 0x0000000083300000| Untracked 
|   6|0x0000000083400000, 0x0000000083400000, 0x0000000083500000|  0%| F|  |TAMS 0x0000000083400000, 0x0000000083400000| Untracked 
|   7|0x0000000083500000, 0x0000000083500000, 0x0000000083600000|  0%| F|  |TAMS 0x0000000083500000, 0x0000000083500000| Untracked 
|   8|0x0000000083600000, 0x0000000083600000, 0x0000000083700000|  0%| F|  |TAMS 0x0000000083600000, 0x0000000083600000| Untracked 
|   9|0x0000000083700000, 0x0000000083700000, 0x0000000083800000|  0%| F|  |TAMS 0x0000000083700000, 0x0000000083700000| Untracked 
|  10|0x0000000083800000, 0x0000000083800000, 0x0000000083900000|  0%| F|  |TAMS 0x0000000083800000, 0x0000000083800000| Untracked 
|  11|0x0000000083900000, 0x0000000083900000, 0x0000000083a00000|  0%| F|  |TAMS 0x0000000083900000, 0x0000000083900000| Untracked 
|  12|0x0000000083a00000, 0x0000000083a00000, 0x0000000083b00000|  0%| F|  |TAMS 0x0000000083a00000, 0x0000000083a00000| Untracked 
|  13|0x0000000083b00000, 0x0000000083b00000, 0x0000000083c00000|  0%| F|  |TAMS 0x0000000083b00000, 0x0000000083b00000| Untracked 
|  14|0x0000000083c00000, 0x0000000083c00000, 0x0000000083d00000|  0%| F|  |TAMS 0x0000000083c00000, 0x0000000083c00000| Untracked 
|  15|0x0000000083d00000, 0x0000000083d00000, 0x0000000083e00000|  0%| F|  |TAMS 0x0000000083d00000, 0x0000000083d00000| Untracked 
|  16|0x0000000083e00000, 0x0000000083e00000, 0x0000000083f00000|  0%| F|  |TAMS 0x0000000083e00000, 0x0000000083e00000| Untracked 
|  17|0x0000000083f00000, 0x0000000083f00000, 0x0000000084000000|  0%| F|  |TAMS 0x0000000083f00000, 0x0000000083f00000| Untracked 
|  18|0x0000000084000000, 0x0000000084000000, 0x0000000084100000|  0%| F|  |TAMS 0x0000000084000000, 0x0000000084000000| Untracked 
|  19|0x0000000084100000, 0x0000000084100000, 0x0000000084200000|  0%| F|  |TAMS 0x0000000084100000, 0x0000000084100000| Untracked 
|  20|0x0000000084200000, 0x0000000084200000, 0x0000000084300000|  0%| F|  |TAMS 0x0000000084200000, 0x0000000084200000| Untracked 
|  21|0x0000000084300000, 0x0000000084300000, 0x0000000084400000|  0%| F|  |TAMS 0x0000000084300000, 0x0000000084300000| Untracked 
|  22|0x0000000084400000, 0x0000000084400000, 0x0000000084500000|  0%| F|  |TAMS 0x0000000084400000, 0x0000000084400000| Untracked 
|  23|0x0000000084500000, 0x0000000084500000, 0x0000000084600000|  0%| F|  |TAMS 0x0000000084500000, 0x0000000084500000| Untracked 
|  24|0x0000000084600000, 0x0000000084600000, 0x0000000084700000|  0%| F|  |TAMS 0x0000000084600000, 0x0000000084600000| Untracked 
|  25|0x0000000084700000, 0x0000000084700000, 0x0000000084800000|  0%| F|  |TAMS 0x0000000084700000, 0x0000000084700000| Untracked 
|  26|0x0000000084800000, 0x0000000084800000, 0x0000000084900000|  0%| F|  |TAMS 0x0000000084800000, 0x0000000084800000| Untracked 
|  27|0x0000000084900000, 0x0000000084900000, 0x0000000084a00000|  0%| F|  |TAMS 0x0000000084900000, 0x0000000084900000| Untracked 
|  28|0x0000000084a00000, 0x0000000084a00000, 0x0000000084b00000|  0%| F|  |TAMS 0x0000000084a00000, 0x0000000084a00000| Untracked 
|  29|0x0000000084b00000, 0x0000000084b00000, 0x0000000084c00000|  0%| F|  |TAMS 0x0000000084b00000, 0x0000000084b00000| Untracked 
|  30|0x0000000084c00000, 0x0000000084c00000, 0x0000000084d00000|  0%| F|  |TAMS 0x0000000084c00000, 0x0000000084c00000| Untracked 
|  31|0x0000000084d00000, 0x0000000084d00000, 0x0000000084e00000|  0%| F|  |TAMS 0x0000000084d00000, 0x0000000084d00000| Untracked 
|  32|0x0000000084e00000, 0x0000000084e00000, 0x0000000084f00000|  0%| F|  |TAMS 0x0000000084e00000, 0x0000000084e00000| Untracked 
|  33|0x0000000084f00000, 0x0000000084f00000, 0x0000000085000000|  0%| F|  |TAMS 0x0000000084f00000, 0x0000000084f00000| Untracked 
|  34|0x0000000085000000, 0x0000000085000000, 0x0000000085100000|  0%| F|  |TAMS 0x0000000085000000, 0x0000000085000000| Untracked 
|  35|0x0000000085100000, 0x0000000085100000, 0x0000000085200000|  0%| F|  |TAMS 0x0000000085100000, 0x0000000085100000| Untracked 
|  36|0x0000000085200000, 0x0000000085200000, 0x0000000085300000|  0%| F|  |TAMS 0x0000000085200000, 0x0000000085200000| Untracked 
|  37|0x0000000085300000, 0x0000000085300000, 0x0000000085400000|  0%| F|  |TAMS 0x0000000085300000, 0x0000000085300000| Untracked 
|  38|0x0000000085400000, 0x0000000085400000, 0x0000000085500000|  0%| F|  |TAMS 0x0000000085400000, 0x0000000085400000| Untracked 
|  39|0x0000000085500000, 0x0000000085500000, 0x0000000085600000|  0%| F|  |TAMS 0x0000000085500000, 0x0000000085500000| Untracked 
|  40|0x0000000085600000, 0x0000000085600000, 0x0000000085700000|  0%| F|  |TAMS 0x0000000085600000, 0x0000000085600000| Untracked 
|  41|0x0000000085700000, 0x0000000085700000, 0x0000000085800000|  0%| F|  |TAMS 0x0000000085700000, 0x0000000085700000| Untracked 
|  42|0x0000000085800000, 0x0000000085800000, 0x0000000085900000|  0%| F|  |TAMS 0x0000000085800000, 0x0000000085800000| Untracked 
|  43|0x0000000085900000, 0x0000000085900000, 0x0000000085a00000|  0%| F|  |TAMS 0x0000000085900000, 0x0000000085900000| Untracked 
|  44|0x0000000085a00000, 0x0000000085a00000, 0x0000000085b00000|  0%| F|  |TAMS 0x0000000085a00000, 0x0000000085a00000| Untracked 
|  45|0x0000000085b00000, 0x0000000085b00000, 0x0000000085c00000|  0%| F|  |TAMS 0x0000000085b00000, 0x0000000085b00000| Untracked 
|  46|0x0000000085c00000, 0x0000000085c00000, 0x0000000085d00000|  0%| F|  |TAMS 0x0000000085c00000, 0x0000000085c00000| Untracked 
|  47|0x0000000085d00000, 0x0000000085d00000, 0x0000000085e00000|  0%| F|  |TAMS 0x0000000085d00000, 0x0000000085d00000| Untracked 
|  48|0x0000000085e00000, 0x0000000085e00000, 0x0000000085f00000|  0%| F|  |TAMS 0x0000000085e00000, 0x0000000085e00000| Untracked 
|  49|0x0000000085f00000, 0x0000000085f00000, 0x0000000086000000|  0%| F|  |TAMS 0x0000000085f00000, 0x0000000085f00000| Untracked 
|  50|0x0000000086000000, 0x0000000086000000, 0x0000000086100000|  0%| F|  |TAMS 0x0000000086000000, 0x0000000086000000| Untracked 
|  51|0x0000000086100000, 0x0000000086100000, 0x0000000086200000|  0%| F|  |TAMS 0x0000000086100000, 0x0000000086100000| Untracked 
|  52|0x0000000086200000, 0x0000000086200000, 0x0000000086300000|  0%| F|  |TAMS 0x0000000086200000, 0x0000000086200000| Untracked 
|  53|0x0000000086300000, 0x0000000086300000, 0x0000000086400000|  0%| F|  |TAMS 0x0000000086300000, 0x0000000086300000| Untracked 
|  54|0x0000000086400000, 0x0000000086400000, 0x0000000086500000|  0%| F|  |TAMS 0x0000000086400000, 0x0000000086400000| Untracked 
|  55|0x0000000086500000, 0x0000000086500000, 0x0000000086600000|  0%| F|  |TAMS 0x0000000086500000, 0x0000000086500000| Untracked 
|  56|0x0000000086600000, 0x0000000086600000, 0x0000000086700000|  0%| F|  |TAMS 0x0000000086600000, 0x0000000086600000| Untracked 
|  57|0x0000000086700000, 0x0000000086700000, 0x0000000086800000|  0%| F|  |TAMS 0x0000000086700000, 0x0000000086700000| Untracked 
|  58|0x0000000086800000, 0x0000000086800000, 0x0000000086900000|  0%| F|  |TAMS 0x0000000086800000, 0x0000000086800000| Untracked 
|  59|0x0000000086900000, 0x0000000086900000, 0x0000000086a00000|  0%| F|  |TAMS 0x0000000086900000, 0x0000000086900000| Untracked 
|  60|0x0000000086a00000, 0x0000000086a00000, 0x0000000086b00000|  0%| F|  |TAMS 0x0000000086a00000, 0x0000000086a00000| Untracked 
|  61|0x0000000086b00000, 0x0000000086b00000, 0x0000000086c00000|  0%| F|  |TAMS 0x0000000086b00000, 0x0000000086b00000| Untracked 
|  62|0x0000000086c00000, 0x0000000086c00000, 0x0000000086d00000|  0%| F|  |TAMS 0x0000000086c00000, 0x0000000086c00000| Untracked 
|  63|0x0000000086d00000, 0x0000000086d00000, 0x0000000086e00000|  0%| F|  |TAMS 0x0000000086d00000, 0x0000000086d00000| Untracked 
|  64|0x0000000086e00000, 0x0000000086e00000, 0x0000000086f00000|  0%| F|  |TAMS 0x0000000086e00000, 0x0000000086e00000| Untracked 
|  65|0x0000000086f00000, 0x0000000086f00000, 0x0000000087000000|  0%| F|  |TAMS 0x0000000086f00000, 0x0000000086f00000| Untracked 
|  66|0x0000000087000000, 0x0000000087000000, 0x0000000087100000|  0%| F|  |TAMS 0x0000000087000000, 0x0000000087000000| Untracked 
|  67|0x0000000087100000, 0x0000000087100000, 0x0000000087200000|  0%| F|  |TAMS 0x0000000087100000, 0x0000000087100000| Untracked 
|  68|0x0000000087200000, 0x0000000087200000, 0x0000000087300000|  0%| F|  |TAMS 0x0000000087200000, 0x0000000087200000| Untracked 
|  69|0x0000000087300000, 0x0000000087300000, 0x0000000087400000|  0%| F|  |TAMS 0x0000000087300000, 0x0000000087300000| Untracked 
|  70|0x0000000087400000, 0x0000000087400000, 0x0000000087500000|  0%| F|  |TAMS 0x0000000087400000, 0x0000000087400000| Untracked 
|  71|0x0000000087500000, 0x0000000087500000, 0x0000000087600000|  0%| F|  |TAMS 0x0000000087500000, 0x0000000087500000| Untracked 
|  72|0x0000000087600000, 0x0000000087600000, 0x0000000087700000|  0%| F|  |TAMS 0x0000000087600000, 0x0000000087600000| Untracked 
|  73|0x0000000087700000, 0x0000000087700000, 0x0000000087800000|  0%| F|  |TAMS 0x0000000087700000, 0x0000000087700000| Untracked 
|  74|0x0000000087800000, 0x0000000087800000, 0x0000000087900000|  0%| F|  |TAMS 0x0000000087800000, 0x0000000087800000| Untracked 
|  75|0x0000000087900000, 0x0000000087900000, 0x0000000087a00000|  0%| F|  |TAMS 0x0000000087900000, 0x0000000087900000| Untracked 
|  76|0x0000000087a00000, 0x0000000087a00000, 0x0000000087b00000|  0%| F|  |TAMS 0x0000000087a00000, 0x0000000087a00000| Untracked 
|  77|0x0000000087b00000, 0x0000000087b00000, 0x0000000087c00000|  0%| F|  |TAMS 0x0000000087b00000, 0x0000000087b00000| Untracked 
|  78|0x0000000087c00000, 0x0000000087c00000, 0x0000000087d00000|  0%| F|  |TAMS 0x0000000087c00000, 0x0000000087c00000| Untracked 
|  79|0x0000000087d00000, 0x0000000087d00000, 0x0000000087e00000|  0%| F|  |TAMS 0x0000000087d00000, 0x0000000087d00000| Untracked 
|  80|0x0000000087e00000, 0x0000000087e00000, 0x0000000087f00000|  0%| F|  |TAMS 0x0000000087e00000, 0x0000000087e00000| Untracked 
|  81|0x0000000087f00000, 0x0000000087f00000, 0x0000000088000000|  0%| F|  |TAMS 0x0000000087f00000, 0x0000000087f00000| Untracked 
|  82|0x0000000088000000, 0x0000000088000000, 0x0000000088100000|  0%| F|  |TAMS 0x0000000088000000, 0x0000000088000000| Untracked 
|  83|0x0000000088100000, 0x0000000088100000, 0x0000000088200000|  0%| F|  |TAMS 0x0000000088100000, 0x0000000088100000| Untracked 
|  84|0x0000000088200000, 0x0000000088200000, 0x0000000088300000|  0%| F|  |TAMS 0x0000000088200000, 0x0000000088200000| Untracked 
|  85|0x0000000088300000, 0x0000000088300000, 0x0000000088400000|  0%| F|  |TAMS 0x0000000088300000, 0x0000000088300000| Untracked 
|  86|0x0000000088400000, 0x0000000088400000, 0x0000000088500000|  0%| F|  |TAMS 0x0000000088400000, 0x0000000088400000| Untracked 
|  87|0x0000000088500000, 0x0000000088500000, 0x0000000088600000|  0%| F|  |TAMS 0x0000000088500000, 0x0000000088500000| Untracked 
|  88|0x0000000088600000, 0x0000000088600000, 0x0000000088700000|  0%| F|  |TAMS 0x0000000088600000, 0x0000000088600000| Untracked 
|  89|0x0000000088700000, 0x0000000088700000, 0x0000000088800000|  0%| F|  |TAMS 0x0000000088700000, 0x0000000088700000| Untracked 
|  90|0x0000000088800000, 0x0000000088800000, 0x0000000088900000|  0%| F|  |TAMS 0x0000000088800000, 0x0000000088800000| Untracked 
|  91|0x0000000088900000, 0x0000000088900000, 0x0000000088a00000|  0%| F|  |TAMS 0x0000000088900000, 0x0000000088900000| Untracked 
|  92|0x0000000088a00000, 0x0000000088a00000, 0x0000000088b00000|  0%| F|  |TAMS 0x0000000088a00000, 0x0000000088a00000| Untracked 
|  93|0x0000000088b00000, 0x0000000088b00000, 0x0000000088c00000|  0%| F|  |TAMS 0x0000000088b00000, 0x0000000088b00000| Untracked 
|  94|0x0000000088c00000, 0x0000000088c00000, 0x0000000088d00000|  0%| F|  |TAMS 0x0000000088c00000, 0x0000000088c00000| Untracked 
|  95|0x0000000088d00000, 0x0000000088d00000, 0x0000000088e00000|  0%| F|  |TAMS 0x0000000088d00000, 0x0000000088d00000| Untracked 
|  96|0x0000000088e00000, 0x0000000088e00000, 0x0000000088f00000|  0%| F|  |TAMS 0x0000000088e00000, 0x0000000088e00000| Untracked 
|  97|0x0000000088f00000, 0x0000000088f00000, 0x0000000089000000|  0%| F|  |TAMS 0x0000000088f00000, 0x0000000088f00000| Untracked 
|  98|0x0000000089000000, 0x0000000089000000, 0x0000000089100000|  0%| F|  |TAMS 0x0000000089000000, 0x0000000089000000| Untracked 
|  99|0x0000000089100000, 0x0000000089100000, 0x0000000089200000|  0%| F|  |TAMS 0x0000000089100000, 0x0000000089100000| Untracked 
| 100|0x0000000089200000, 0x0000000089200000, 0x0000000089300000|  0%| F|  |TAMS 0x0000000089200000, 0x0000000089200000| Untracked 
| 101|0x0000000089300000, 0x0000000089300000, 0x0000000089400000|  0%| F|  |TAMS 0x0000000089300000, 0x0000000089300000| Untracked 
| 102|0x0000000089400000, 0x0000000089400000, 0x0000000089500000|  0%| F|  |TAMS 0x0000000089400000, 0x0000000089400000| Untracked 
| 103|0x0000000089500000, 0x0000000089500000, 0x0000000089600000|  0%| F|  |TAMS 0x0000000089500000, 0x0000000089500000| Untracked 
| 104|0x0000000089600000, 0x0000000089600000, 0x0000000089700000|  0%| F|  |TAMS 0x0000000089600000, 0x0000000089600000| Untracked 
| 105|0x0000000089700000, 0x0000000089700000, 0x0000000089800000|  0%| F|  |TAMS 0x0000000089700000, 0x0000000089700000| Untracked 
| 106|0x0000000089800000, 0x0000000089800000, 0x0000000089900000|  0%| F|  |TAMS 0x0000000089800000, 0x0000000089800000| Untracked 
| 107|0x0000000089900000, 0x0000000089900000, 0x0000000089a00000|  0%| F|  |TAMS 0x0000000089900000, 0x0000000089900000| Untracked 
| 108|0x0000000089a00000, 0x0000000089a00000, 0x0000000089b00000|  0%| F|  |TAMS 0x0000000089a00000, 0x0000000089a00000| Untracked 
| 109|0x0000000089b00000, 0x0000000089bd6178, 0x0000000089c00000| 83%| S|CS|TAMS 0x0000000089b00000, 0x0000000089b00000| Complete 
| 110|0x0000000089c00000, 0x0000000089d00000, 0x0000000089d00000|100%| S|CS|TAMS 0x0000000089c00000, 0x0000000089c00000| Complete 
| 111|0x0000000089d00000, 0x0000000089e00000, 0x0000000089e00000|100%| S|CS|TAMS 0x0000000089d00000, 0x0000000089d00000| Complete 
| 112|0x0000000089e00000, 0x0000000089e00000, 0x0000000089f00000|  0%| F|  |TAMS 0x0000000089e00000, 0x0000000089e00000| Untracked 
| 113|0x0000000089f00000, 0x0000000089f00000, 0x000000008a000000|  0%| F|  |TAMS 0x0000000089f00000, 0x0000000089f00000| Untracked 
| 114|0x000000008a000000, 0x000000008a000000, 0x000000008a100000|  0%| F|  |TAMS 0x000000008a000000, 0x000000008a000000| Untracked 
| 115|0x000000008a100000, 0x000000008a100000, 0x000000008a200000|  0%| F|  |TAMS 0x000000008a100000, 0x000000008a100000| Untracked 
| 116|0x000000008a200000, 0x000000008a200000, 0x000000008a300000|  0%| F|  |TAMS 0x000000008a200000, 0x000000008a200000| Untracked 
| 117|0x000000008a300000, 0x000000008a300000, 0x000000008a400000|  0%| F|  |TAMS 0x000000008a300000, 0x000000008a300000| Untracked 
| 118|0x000000008a400000, 0x000000008a400000, 0x000000008a500000|  0%| F|  |TAMS 0x000000008a400000, 0x000000008a400000| Untracked 
| 119|0x000000008a500000, 0x000000008a500000, 0x000000008a600000|  0%| F|  |TAMS 0x000000008a500000, 0x000000008a500000| Untracked 
| 120|0x000000008a600000, 0x000000008a600000, 0x000000008a700000|  0%| F|  |TAMS 0x000000008a600000, 0x000000008a600000| Untracked 
| 121|0x000000008a700000, 0x000000008a700000, 0x000000008a800000|  0%| F|  |TAMS 0x000000008a700000, 0x000000008a700000| Untracked 
| 122|0x000000008a800000, 0x000000008a800000, 0x000000008a900000|  0%| F|  |TAMS 0x000000008a800000, 0x000000008a800000| Untracked 
| 123|0x000000008a900000, 0x000000008a900000, 0x000000008aa00000|  0%| F|  |TAMS 0x000000008a900000, 0x000000008a900000| Untracked 
| 124|0x000000008aa00000, 0x000000008aa00000, 0x000000008ab00000|  0%| F|  |TAMS 0x000000008aa00000, 0x000000008aa00000| Untracked 
| 125|0x000000008ab00000, 0x000000008ab00000, 0x000000008ac00000|  0%| F|  |TAMS 0x000000008ab00000, 0x000000008ab00000| Untracked 

Card table byte_map: [0x00000209c8b80000,0x00000209c8f70000] _byte_map_base: 0x00000209c8769000

Marking Bits (Prev, Next): (CMBitMap*) 0x00000209b1260f30, (CMBitMap*) 0x00000209b1260f70
 Prev Bits: [0x00000209c9360000, 0x00000209cb2a8000)
 Next Bits: [0x00000209cb2b0000, 0x00000209cd1f8000)

Polling page: 0x00000209af030000

Metaspace:

Usage:
  Non-class:      5.73 MB capacity,     5.59 MB ( 98%) used,   139.11 KB (  2%) free+waste,     5.94 KB ( <1%) overhead. 
      Class:    721.00 KB capacity,   694.54 KB ( 96%) used,    23.40 KB (  3%) free+waste,     3.06 KB ( <1%) overhead. 
       Both:      6.44 MB capacity,     6.27 MB ( 97%) used,   162.51 KB (  2%) free+waste,     9.00 KB ( <1%) overhead. 

Virtual space:
  Non-class space:       28.00 MB reserved,       5.75 MB ( 21%) committed 
      Class space:        1.00 GB reserved,     768.00 KB ( <1%) committed 
             Both:        1.03 GB reserved,       6.50 MB ( <1%) committed 

Chunk freelists:
   Non-Class:  18.00 KB
       Class:  15.00 KB
        Both:  33.00 KB

MaxMetaspaceSize: 17179869184.00 GB
CompressedClassSpaceSize: 1.00 GB

CodeHeap 'non-profiled nmethods': size=120000Kb used=315Kb max_used=315Kb free=119684Kb
 bounds [0x00000209c0f30000, 0x00000209c11a0000, 0x00000209c8460000]
CodeHeap 'profiled nmethods': size=120000Kb used=1342Kb max_used=1342Kb free=118657Kb
 bounds [0x00000209b9a00000, 0x00000209b9c70000, 0x00000209c0f30000]
CodeHeap 'non-nmethods': size=5760Kb used=1164Kb max_used=1185Kb free=4595Kb
 bounds [0x00000209b9460000, 0x00000209b96d0000, 0x00000209b9a00000]
 total_blobs=1297 nmethods=878 adapters=332
 compilation: enabled
              stopped_count=0, restarted_count=0
 full_count=0

Compilation events (20 events):
Event: 0.300 Thread 0x00000209d0754620  819       4       java.util.HashMap::resize (356 bytes)
Event: 0.300 Thread 0x00000209cfc31360  820       3       java.util.Arrays$ArrayList::size (6 bytes)
Event: 0.300 Thread 0x00000209cfc31360 nmethod 820 0x00000209b9b27990 code [0x00000209b9b27b20, 0x00000209b9b27c38]
Event: 0.300 Thread 0x00000209cfc31360  821       3       java.util.AbstractCollection::isEmpty (13 bytes)
Event: 0.300 Thread 0x00000209cfc2c470  823       4       java.util.Arrays$ArrayList::size (6 bytes)
Event: 0.300 Thread 0x00000209cfc31360 nmethod 821 0x00000209b9b27d10 code [0x00000209b9b27ec0, 0x00000209b9b280e8]
Event: 0.300 Thread 0x00000209cfc31360  822       3       sun.security.ssl.CipherSuite::values (10 bytes)
Event: 0.300 Thread 0x00000209cfc31360 nmethod 822 0x00000209b9b28190 code [0x00000209b9b28340, 0x00000209b9b285e8]
Event: 0.300 Thread 0x00000209cfc2c470 nmethod 823 0x00000209c0f7ac90 code [0x00000209c0f7ae00, 0x00000209c0f7ae78]
Event: 0.301 Thread 0x00000209cfc2c470  824       4       sun.security.util.AbstractAlgorithmConstraints::checkAlgorithm (140 bytes)
Event: 0.302 Thread 0x00000209d08be5c0  825       4       java.lang.String::equalsIgnoreCase (45 bytes)
Event: 0.302 Thread 0x00000209cfc31360  826       3       sun.security.ssl.CipherSuite$KeyExchange::isAvailable (46 bytes)
Event: 0.302 Thread 0x00000209cfc31360 nmethod 826 0x00000209b9b28690 code [0x00000209b9b28840, 0x00000209b9b28ae8]
Event: 0.302 Thread 0x00000209cfc31360  828       3       java.util.AbstractList::subListRangeCheck (110 bytes)
Event: 0.303 Thread 0x00000209cfc31360 nmethod 828 0x00000209b9b28b90 code [0x00000209b9b28f40, 0x00000209b9b2a1c8]
Event: 0.303 Thread 0x00000209cfc31360  831       3       sun.security.util.AlgorithmDecomposer::decompose (336 bytes)
Event: 0.303 Thread 0x00000209cfc31360 nmethod 831 0x00000209b9b2a890 code [0x00000209b9b2ace0, 0x00000209b9b2d008]
Event: 0.303 Thread 0x00000209cfc31360  833       3       java.util.regex.Pattern$SliceI::match (96 bytes)
Event: 0.303 Thread 0x00000209cfc31360 nmethod 833 0x00000209b9b2d590 code [0x00000209b9b2d780, 0x00000209b9b2ddb8]
Event: 0.304 Thread 0x00000209cfc31360  835       3       java.lang.String::split (327 bytes)

GC Heap History (0 events):
No events

Deoptimization events (20 events):
Event: 0.293 Thread 0x00000209b1220100 DEOPT PACKING pc=0x00000209c0f6a8b4 sp=0x000000bcabbfda40
Event: 0.293 Thread 0x00000209b1220100 DEOPT UNPACKING pc=0x00000209b94ae42f sp=0x000000bcabbfda00 mode 2
Event: 0.294 Thread 0x00000209b1220100 Uncommon trap: trap_request=0xffffff45 fr.pc=0x00000209c0f645d4 relative=0x00000000000001b4
Event: 0.294 Thread 0x00000209b1220100 Uncommon trap: reason=unstable_if action=reinterpret pc=0x00000209c0f645d4 method=java.io.ByteArrayInputStream.read()I @ 8 c2
Event: 0.294 Thread 0x00000209b1220100 DEOPT PACKING pc=0x00000209c0f645d4 sp=0x000000bcabbfcf90
Event: 0.294 Thread 0x00000209b1220100 DEOPT UNPACKING pc=0x00000209b94ae42f sp=0x000000bcabbfcf48 mode 2
Event: 0.301 Thread 0x00000209b1220100 DEOPT PACKING pc=0x00000209b9a9f458 sp=0x000000bcabbfea20
Event: 0.301 Thread 0x00000209b1220100 DEOPT UNPACKING pc=0x00000209b94ae23f sp=0x000000bcabbfded8 mode 0
Event: 0.303 Thread 0x00000209b1220100 DEOPT PACKING pc=0x00000209b9a9f458 sp=0x000000bcabbfeb20
Event: 0.303 Thread 0x00000209b1220100 DEOPT UNPACKING pc=0x00000209b94ae23f sp=0x000000bcabbfdfd8 mode 0
Event: 0.303 Thread 0x00000209b1220100 DEOPT PACKING pc=0x00000209b9a9f458 sp=0x000000bcabbfe9b0
Event: 0.303 Thread 0x00000209b1220100 DEOPT UNPACKING pc=0x00000209b94ae23f sp=0x000000bcabbfde68 mode 0
Event: 0.303 Thread 0x00000209b1220100 Uncommon trap: trap_request=0xffffff45 fr.pc=0x00000209c0f5c610 relative=0x0000000000000250
Event: 0.303 Thread 0x00000209b1220100 Uncommon trap: reason=unstable_if action=reinterpret pc=0x00000209c0f5c610 method=java.util.regex.Pattern$SliceI.match(Ljava/util/regex/Matcher;ILjava/lang/CharSequence;)Z @ 29 c2
Event: 0.303 Thread 0x00000209b1220100 DEOPT PACKING pc=0x00000209c0f5c610 sp=0x000000bcabbfe4a0
Event: 0.303 Thread 0x00000209b1220100 DEOPT UNPACKING pc=0x00000209b94ae42f sp=0x000000bcabbfe438 mode 2
Event: 0.304 Thread 0x00000209b1220100 DEOPT PACKING pc=0x00000209b9a9f458 sp=0x000000bcabbfeb20
Event: 0.304 Thread 0x00000209b1220100 DEOPT UNPACKING pc=0x00000209b94ae23f sp=0x000000bcabbfdfd8 mode 0
Event: 0.304 Thread 0x00000209b1220100 DEOPT PACKING pc=0x00000209b9a9f458 sp=0x000000bcabbfeaa0
Event: 0.304 Thread 0x00000209b1220100 DEOPT UNPACKING pc=0x00000209b94ae23f sp=0x000000bcabbfdf58 mode 0

Classes unloaded (0 events):
No events

Classes redefined (0 events):
No events

Internal exceptions (13 events):
Event: 0.071 Thread 0x00000209d06b9810 Exception <a 'java/lang/NoSuchMethodError'{0x000000008aa7eaf8}: 'java.lang.Object java.lang.invoke.DirectMethodHandle$Holder.invokeStatic(java.lang.Object)'> (0x000000008aa7eaf8) 
thrown [./open/src/hotspot/share/interpreter/linkResolver.cpp, line 782]
Event: 0.071 Thread 0x00000209d06b9810 Exception <a 'java/lang/NoSuchMethodError'{0x000000008aa82408}: 'java.lang.Object java.lang.invoke.DirectMethodHandle$Holder.invokeStaticInit(java.lang.Object)'> (0x000000008aa82408) 
thrown [./open/src/hotspot/share/interpreter/linkResolver.cpp, line 782]
Event: 0.075 Thread 0x00000209d06b9810 Exception <a 'java/lang/NoSuchMethodError'{0x000000008aa8f848}: 'void java.lang.invoke.DirectMethodHandle$Holder.invokeStatic(java.lang.Object, java.lang.Object)'> (0x000000008aa8f848) 
thrown [./open/src/hotspot/share/interpreter/linkResolver.cpp, line 782]
Event: 0.097 Thread 0x00000209b1220100 Exception <a 'java/lang/NoSuchMethodError'{0x000000008a91be20}: 'void java.lang.invoke.DirectMethodHandle$Holder.invokeSpecial(java.lang.Object, java.lang.Object, java.lang.Object)'> (0x000000008a91be20) 
thrown [./open/src/hotspot/share/interpreter/linkResolver.cpp, line 782]
Event: 0.107 Thread 0x00000209b1220100 Exception <a 'java/lang/NoSuchMethodError'{0x000000008a94d300}: 'void java.lang.invoke.DirectMethodHandle$Holder.invokeStaticInit(java.lang.Object, java.lang.Object)'> (0x000000008a94d300) 
thrown [./open/src/hotspot/share/interpreter/linkResolver.cpp, line 782]
Event: 0.131 Thread 0x00000209b1220100 Exception <a 'java/lang/NoSuchMethodError'{0x000000008a84cf08}: 'java.lang.Object java.lang.invoke.DirectMethodHandle$Holder.invokeStaticInit(java.lang.Object, int, int, int, int)'> (0x000000008a84cf08) 
thrown [./open/src/hotspot/share/interpreter/linkResolver.cpp, line 782]
Event: 0.132 Thread 0x00000209b1220100 Exception <a 'sun/nio/fs/WindowsException'{0x000000008a8537c8}> (0x000000008a8537c8) 
thrown [./open/src/hotspot/share/prims/jni.cpp, line 578]
Event: 0.140 Thread 0x00000209b1220100 Exception <a 'java/lang/NoSuchMethodError'{0x000000008a87fc88}: 'int java.lang.invoke.DirectMethodHandle$Holder.invokeStaticInit(java.lang.Object, java.lang.Object, java.lang.Object, java.lang.Object)'> (0x000000008a87fc88) 
thrown [./open/src/hotspot/share/interpreter/linkResolver.cpp, line 782]
Event: 0.141 Thread 0x00000209b1220100 Exception <a 'java/lang/NoSuchMethodError'{0x000000008a88a660}: 'java.lang.Object java.lang.invoke.DirectMethodHandle$Holder.invokeInterface(java.lang.Object, java.lang.Object)'> (0x000000008a88a660) 
thrown [./open/src/hotspot/share/interpreter/linkResolver.cpp, line 782]
Event: 0.141 Thread 0x00000209b1220100 Exception <a 'java/lang/IncompatibleClassChangeError'{0x000000008a88e058}: Found class java.lang.Object, but interface was expected> (0x000000008a88e058) 
thrown [./open/src/hotspot/share/interpreter/linkResolver.cpp, line 848]
Event: 0.142 Thread 0x00000209b1220100 Exception <a 'java/lang/NoSuchMethodError'{0x000000008a893f18}: 'int java.lang.invoke.DirectMethodHandle$Holder.invokeStaticInit(java.lang.Object, java.lang.Object)'> (0x000000008a893f18) 
thrown [./open/src/hotspot/share/interpreter/linkResolver.cpp, line 782]
Event: 0.180 Thread 0x00000209b1220100 Implicit null exception at 0x00000209c0f5a275 to 0x00000209c0f5a86c
Event: 0.231 Thread 0x00000209b1220100 Exception <a 'java/lang/NoSuchMethodError'{0x000000008a14ce38}: 'java.lang.Object java.lang.invoke.DirectMethodHandle$Holder.invokeStaticInit(java.lang.Object, java.lang.Object, int, int, int, int)'> (0x000000008a14ce38) 
thrown [./open/src/hotspot/share/interpreter/linkResolver.cpp, line 782]

Events (20 events):
Event: 0.301 loading class sun/security/ssl/NamedGroupPossession
Event: 0.301 loading class sun/security/ssl/SSLPossession
Event: 0.301 loading class sun/security/ssl/SSLPossession done
Event: 0.301 loading class sun/security/ssl/NamedGroupPossession done
Event: 0.301 loading class sun/security/ssl/NamedGroup$ExceptionSupplier
Event: 0.301 loading class sun/security/ssl/NamedGroup$ExceptionSupplier done
Event: 0.301 loading class sun/security/ssl/SSLCredentials
Event: 0.301 loading class sun/security/ssl/SSLCredentials done
Event: 0.301 loading class sun/security/ssl/SSLKeyDerivation
Event: 0.301 loading class sun/security/ssl/SSLKeyDerivation done
Event: 0.301 loading class sun/security/ssl/SupportedGroupsExtension$SupportedGroups
Event: 0.301 loading class sun/security/ssl/SupportedGroupsExtension$SupportedGroups done
Event: 0.301 loading class sun/security/util/KeyUtil
Event: 0.301 Executing VM operation: CollectForMetadataAllocation
Event: 0.301 Executing VM operation: CollectForMetadataAllocation done
Event: 0.301 Executing VM operation: HandshakeAllThreads
Event: 0.301 loading class sun/security/util/KeyUtil done
Event: 0.301 Executing VM operation: HandshakeAllThreads done
Event: 0.302 loading class java/util/ComparableTimSort
Event: 0.302 loading class java/util/ComparableTimSort done


Dynamic libraries:
0x00007ff7ca430000 - 0x00007ff7ca43d000 	C:\Users\RAES\.jdks\openjdk-15.0.2\bin\java.exe
0x00007ff916750000 - 0x00007ff916946000 	C:\Windows\SYSTEM32\ntdll.dll
0x00007ff914b70000 - 0x00007ff914c2d000 	C:\Windows\System32\KERNEL32.DLL
0x00007ff913f20000 - 0x00007ff9141e9000 	C:\Windows\System32\KERNELBASE.dll
0x00007ff9145a0000 - 0x00007ff9146a0000 	C:\Windows\System32\ucrtbase.dll
0x00007ff9023e0000 - 0x00007ff9023f9000 	C:\Users\RAES\.jdks\openjdk-15.0.2\bin\VCRUNTIME140.dll
0x00007ff9023c0000 - 0x00007ff9023d8000 	C:\Users\RAES\.jdks\openjdk-15.0.2\bin\jli.dll
0x00007ff915bd0000 - 0x00007ff915d70000 	C:\Windows\System32\USER32.dll
0x00007ff8f8f10000 - 0x00007ff8f91ab000 	C:\Windows\WinSxS\amd64_microsoft.windows.common-controls_6595b64144ccf1df_6.0.19041.746_none_ca02b4b61b8320a4\COMCTL32.dll
0x00007ff9142a0000 - 0x00007ff9142c2000 	C:\Windows\System32\win32u.dll
0x00007ff915d70000 - 0x00007ff915e0e000 	C:\Windows\System32\msvcrt.dll
0x00007ff914e90000 - 0x00007ff914eba000 	C:\Windows\System32\GDI32.dll
0x00007ff9146a0000 - 0x00007ff9147ab000 	C:\Windows\System32\gdi32full.dll
0x00007ff914320000 - 0x00007ff9143bd000 	C:\Windows\System32\msvcp_win.dll
0x00007ff914c30000 - 0x00007ff914c60000 	C:\Windows\System32\IMM32.DLL
0x00007ff90fb60000 - 0x00007ff90fb6c000 	C:\Users\RAES\.jdks\openjdk-15.0.2\bin\vcruntime140_1.dll
0x00007ff8e8530000 - 0x00007ff8e85c1000 	C:\Users\RAES\.jdks\openjdk-15.0.2\bin\msvcp140.dll
0x00007ff8dcc70000 - 0x00007ff8dd7ce000 	C:\Users\RAES\.jdks\openjdk-15.0.2\bin\server\jvm.dll
0x00007ff914de0000 - 0x00007ff914e8c000 	C:\Windows\System32\ADVAPI32.dll
0x00007ff914d40000 - 0x00007ff914ddc000 	C:\Windows\System32\sechost.dll
0x00007ff915580000 - 0x00007ff9156ab000 	C:\Windows\System32\RPCRT4.dll
0x00007ff915350000 - 0x00007ff915358000 	C:\Windows\System32\PSAPI.DLL
0x00007ff8f8e50000 - 0x00007ff8f8e77000 	C:\Windows\SYSTEM32\WINMM.dll
0x00007ff910b90000 - 0x00007ff910b99000 	C:\Windows\SYSTEM32\WSOCK32.dll
0x00007ff90f5e0000 - 0x00007ff90f5ea000 	C:\Windows\SYSTEM32\VERSION.dll
0x00007ff9153f0000 - 0x00007ff91545b000 	C:\Windows\System32\WS2_32.dll
0x00007ff911e00000 - 0x00007ff911e12000 	C:\Windows\SYSTEM32\kernel.appcore.dll
0x00007ff90f5c0000 - 0x00007ff90f5ca000 	C:\Users\RAES\.jdks\openjdk-15.0.2\bin\jimage.dll
0x00007ff8f9c00000 - 0x00007ff8f9de4000 	C:\Windows\SYSTEM32\DBGHELP.DLL
0x00007ff8f9bd0000 - 0x00007ff8f9bfc000 	C:\Windows\SYSTEM32\dbgcore.DLL
0x00007ff9143c0000 - 0x00007ff914440000 	C:\Windows\System32\bcryptPrimitives.dll
0x00007ff9047d0000 - 0x00007ff9047de000 	C:\Users\RAES\.jdks\openjdk-15.0.2\bin\instrument.dll
0x00007ff9007b0000 - 0x00007ff9007d5000 	C:\Users\RAES\.jdks\openjdk-15.0.2\bin\java.dll
0x00007ff915fc0000 - 0x00007ff916702000 	C:\Windows\System32\SHELL32.dll
0x00007ff912000000 - 0x00007ff912790000 	C:\Windows\SYSTEM32\windows.storage.dll
0x00007ff914ec0000 - 0x00007ff915216000 	C:\Windows\System32\combase.dll
0x00007ff913880000 - 0x00007ff9138ac000 	C:\Windows\SYSTEM32\Wldp.dll
0x00007ff915470000 - 0x00007ff91551e000 	C:\Windows\System32\SHCORE.dll
0x00007ff915520000 - 0x00007ff915575000 	C:\Windows\System32\shlwapi.dll
0x00007ff913dc0000 - 0x00007ff913de6000 	C:\Windows\SYSTEM32\profapi.dll
0x00007ff900650000 - 0x00007ff900668000 	C:\Users\RAES\.jdks\openjdk-15.0.2\bin\zip.dll
0x00007ff9023a0000 - 0x00007ff9023b9000 	C:\Users\RAES\.jdks\openjdk-15.0.2\bin\net.dll
0x00007ff906150000 - 0x00007ff906250000 	C:\Windows\SYSTEM32\WINHTTP.dll
0x00007ff913600000 - 0x00007ff91366a000 	C:\Windows\system32\mswsock.dll
0x00007ff9008f0000 - 0x00007ff900902000 	C:\Users\RAES\.jdks\openjdk-15.0.2\bin\nio.dll
0x00007ff8f7d10000 - 0x00007ff8f7d2a000 	C:\Program Files\JetBrains\IntelliJ IDEA 2020.3.2\bin\breakgen64.dll
0x00007ff9137d0000 - 0x00007ff9137e8000 	C:\Windows\SYSTEM32\CRYPTSP.dll
0x00007ff912f40000 - 0x00007ff912f74000 	C:\Windows\system32\rsaenh.dll
0x00007ff913ef0000 - 0x00007ff913f17000 	C:\Windows\System32\bcrypt.dll
0x00007ff913d80000 - 0x00007ff913dae000 	C:\Windows\SYSTEM32\USERENV.dll
0x00007ff9137f0000 - 0x00007ff9137fc000 	C:\Windows\SYSTEM32\CRYPTBASE.dll
0x00007ff9132f0000 - 0x00007ff91332b000 	C:\Windows\SYSTEM32\IPHLPAPI.DLL
0x00007ff915460000 - 0x00007ff915468000 	C:\Windows\System32\NSI.dll
0x00007ff90c3c0000 - 0x00007ff90c3d7000 	C:\Windows\SYSTEM32\dhcpcsvc6.DLL
0x00007ff90c3a0000 - 0x00007ff90c3bd000 	C:\Windows\SYSTEM32\dhcpcsvc.DLL
0x00007ff913330000 - 0x00007ff9133fb000 	C:\Windows\SYSTEM32\DNSAPI.dll
0x00007ff900600000 - 0x00007ff90060d000 	C:\Users\RAES\.jdks\openjdk-15.0.2\bin\sunmscapi.dll
0x00007ff914440000 - 0x00007ff914596000 	C:\Windows\System32\CRYPT32.dll
0x00007ff9138f0000 - 0x00007ff913917000 	C:\Windows\SYSTEM32\ncrypt.dll
0x00007ff9138b0000 - 0x00007ff9138eb000 	C:\Windows\SYSTEM32\NTASN1.dll
0x00007ff905670000 - 0x00007ff90567a000 	C:\Windows\System32\rasadhlp.dll
0x00007ff9060d0000 - 0x00007ff90614f000 	C:\Windows\System32\fwpuclnt.dll

dbghelp: loaded successfully - version: 4.0.5 - missing functions: none
symbol engine: initialized successfully - sym options: 0x614 - pdb path: .;C:\Users\RAES\.jdks\openjdk-15.0.2\bin;C:\Windows\SYSTEM32;C:\Windows\WinSxS\amd64_microsoft.windows.common-controls_6595b64144ccf1df_6.0.19041.746_none_ca02b4b61b8320a4;C:\Users\RAES\.jdks\openjdk-15.0.2\bin\server;C:\Program Files\JetBrains\IntelliJ IDEA 2020.3.2\bin

VM Arguments:
jvm_args: -javaagent:C:\Program Files\JetBrains\IntelliJ IDEA 2020.3.2\lib\idea_rt.jar=56530:C:\Program Files\JetBrains\IntelliJ IDEA 2020.3.2\bin -Dfile.encoding=UTF-8 
java_command: com.raes.Main
java_class_path (initial): C:\Users\RAES\IdeaProjects\ApiExample\out\production\ApiExample
Launcher Type: SUN_STANDARD

[Global flags]
     intx CICompilerCount                          = 4                                         {product} {ergonomic}
     uint ConcGCThreads                            = 2                                         {product} {ergonomic}
     uint G1ConcRefinementThreads                  = 8                                         {product} {ergonomic}
   size_t G1HeapRegionSize                         = 1048576                                   {product} {ergonomic}
    uintx GCDrainStackTargetSize                   = 64                                        {product} {ergonomic}
   size_t InitialHeapSize                          = 132120576                                 {product} {ergonomic}
   size_t MarkStackSize                            = 4194304                                   {product} {ergonomic}
   size_t MaxHeapSize                              = 2099249152                                {product} {ergonomic}
   size_t MaxNewSize                               = 1259339776                                {product} {ergonomic}
   size_t MinHeapDeltaBytes                        = 1048576                                   {product} {ergonomic}
   size_t MinHeapSize                              = 8388608                                   {product} {ergonomic}
    uintx NonNMethodCodeHeapSize                   = 5839372                                {pd product} {ergonomic}
    uintx NonProfiledCodeHeapSize                  = 122909434                              {pd product} {ergonomic}
    uintx ProfiledCodeHeapSize                     = 122909434                              {pd product} {ergonomic}
    uintx ReservedCodeCacheSize                    = 251658240                              {pd product} {ergonomic}
     bool SegmentedCodeCache                       = true                                      {product} {ergonomic}
   size_t SoftMaxHeapSize                          = 2099249152                             {manageable} {ergonomic}
     bool UseCompressedClassPointers               = true                                 {lp64_product} {ergonomic}
     bool UseCompressedOops                        = true                                 {lp64_product} {ergonomic}
     bool UseG1GC                                  = true                                      {product} {ergonomic}
     bool UseLargePagesIndividualAllocation        = false                                  {pd product} {ergonomic}

Logging:
Log output configuration:
 #0: stdout all=warning uptime,level,tags
 #1: stderr all=off uptime,level,tags

Environment Variables:
PATH=C:\Program Files (x86)\Razer\ChromaBroadcast\bin;C:\Program Files\Razer\ChromaBroadcast\bin;C:\Windows\system32;C:\Windows;C:\Windows\System32\Wbem;C:\Windows\System32\WindowsPowerShell\v1.0\;C:\Windows\System32\OpenSSH\;C:\Windows\system32\config\systemprofile\AppData\Local\Microsoft\WindowsApps;C:\Users\RAES\AppData\Local\Programs\Python\Python39\Scripts\;C:\Users\RAES\AppData\Local\Programs\Python\Python39\;C:\Program Files (x86)\Razer\ChromaBroadcast\bin;C:\Program Files\Razer\ChromaBroadcast\bin;C:\Windows\system32;C:\Windows;C:\Windows\System32\Wbem;C:\Windows\System32\WindowsPowerShell\v1.0\;C:\Windows\System32\OpenSSH\;C:\Windows\system32\config\systemprofile\AppData\Local\Microsoft\WindowsApps;C:\Users\RAES\AppData\Local\Microsoft\WindowsApps;;C:\Python34\Scripts
USERNAME=RAES
OS=Windows_NT
PROCESSOR_IDENTIFIER=Intel64 Family 6 Model 158 Stepping 13, GenuineIntel



---------------  S Y S T E M  ---------------

OS:
 Windows 10 , 64 bit Build 19041 (10.0.19041.804)
OS uptime: 6 days 15:52 hours

CPU: total 8 (initial active 8) (8 cores per cpu, 1 threads per core) family 6 model 158 stepping 13 microcode 0xde, cmov, cx8, fxsr, mmx, sse, sse2, sse3, ssse3, sse4.1, sse4.2, popcnt, vzeroupper, avx, avx2, aes, clmul, erms, 3dnowpref, lzcnt, tsc, tscinvbit, bmi1, bmi2, adx, fma, clflush, clflushopt

Memory: 4k page, system-wide physical 8001M (1216M free)
TotalPageFile size 11793M (AvailPageFile size 1M)
current process WorkingSet (physical memory assigned to process): 68M, peak: 68M
current process commit charge ("private bytes"): 224M, peak: 225M

vm_info: OpenJDK 64-Bit Server VM (15.0.2+7-27) for windows-amd64 JRE (15.0.2+7-27), built on Dec  7 2020 20:02:38 by "mach5one" with unknown MS VC++:1925

END.
