#
# There is insufficient memory for the Java Runtime Environment to continue.
# Native memory allocation (malloc) failed to allocate 340816 bytes for Chunk::new
# Possible reasons:
#   The system is out of physical RAM or swap space
#   The process is running with CompressedOops enabled, and the Java Heap may be blocking the growth of the native heap
# Possible solutions:
#   Reduce memory load on the system
#   Increase physical memory or swap space
#   Check if swap backing store is full
#   Decrease Java heap size (-Xmx/-Xms)
#   Decrease number of Java threads
#   Decrease Java thread stack sizes (-Xss)
#   Set larger code cache with -XX:ReservedCodeCacheSize=
#   JVM is running with Unscaled Compressed Oops mode in which the Java heap is
#     placed in the first 4GB address space. The Java Heap base address is the
#     maximum limit for the native heap growth. Please use -XX:HeapBaseMinAddress
#     to set the Java Heap base and to place the Java Heap above 4GB virtual address.
# This output file may be truncated or incomplete.
#
#  Out of Memory Error (./open/src/hotspot/share/memory/arena.cpp:195), pid=27412, tid=11720
#
# JRE version: OpenJDK Runtime Environment (15.0.2+7) (build 15.0.2+7-27)
# Java VM: OpenJDK 64-Bit Server VM (15.0.2+7-27, mixed mode, sharing, tiered, compressed oops, g1 gc, windows-amd64)
# No core dump will be written. Minidumps are not enabled by default on client versions of Windows
#

---------------  S U M M A R Y ------------

Command Line: -javaagent:C:\Program Files\JetBrains\IntelliJ IDEA 2020.3.2\lib\idea_rt.jar=56650:C:\Program Files\JetBrains\IntelliJ IDEA 2020.3.2\bin -Dfile.encoding=UTF-8 com.raes.Main

Host: Intel(R) Core(TM) i7-9700 CPU @ 3.00GHz, 8 cores, 7G,  Windows 10 , 64 bit Build 19041 (10.0.19041.804)
Time: Fri Feb 26 10:51:50 2021 Hora estándar, América Central elapsed time: 0.167249 seconds (0d 0h 0m 0s)

---------------  T H R E A D  ---------------

Current thread (0x000001e531baef30):  JavaThread "C2 CompilerThread1" daemon [_thread_in_native, id=11720, stack(0x000000a642400000,0x000000a642500000)]


Current CompileTask:
C2:    167  529       4       java.util.HashMap::put (13 bytes)

Stack: [0x000000a642400000,0x000000a642500000]
Native frames: (J=compiled Java code, j=interpreted, Vv=VM code, C=native code)
V  [jvm.dll+0x62ae9a]
V  [jvm.dll+0x7817a9]
V  [jvm.dll+0x782f03]
V  [jvm.dll+0x783563]
V  [jvm.dll+0x216325]
V  [jvm.dll+0x97f3a]
V  [jvm.dll+0x9861c]
V  [jvm.dll+0x32e2a8]
V  [jvm.dll+0x2f768a]
V  [jvm.dll+0x2f6a4a]
V  [jvm.dll+0x1ea705]
V  [jvm.dll+0x1e996e]
V  [jvm.dll+0x178567]
V  [jvm.dll+0x1f9225]
V  [jvm.dll+0x1f72cc]
V  [jvm.dll+0x74495d]
V  [jvm.dll+0x73d75a]
V  [jvm.dll+0x629c56]
C  [ucrtbase.dll+0x21bb2]
C  [KERNEL32.DLL+0x17034]
C  [ntdll.dll+0x4d241]


---------------  P R O C E S S  ---------------

Threads class SMR info:
_java_thread_list=0x000001e531b55450, length=14, elements={
0x000001e51050f150, 0x000001e530e8d900, 0x000001e530e8e3e0, 0x000001e530ea6470,
0x000001e530eaad50, 0x000001e530eabc20, 0x000001e530ead9d0, 0x000001e530eaff00,
0x000001e530ec4980, 0x000001e530e738a0, 0x000001e531980960, 0x000001e531980e30,
0x000001e531baef30, 0x000001e531bac6b0
}

Java Threads: ( => current thread )
  0x000001e51050f150 JavaThread "main" [_thread_in_Java, id=37068, stack(0x000000a641100000,0x000000a641200000)]
  0x000001e530e8d900 JavaThread "Reference Handler" daemon [_thread_blocked, id=39392, stack(0x000000a641800000,0x000000a641900000)]
  0x000001e530e8e3e0 JavaThread "Finalizer" daemon [_thread_blocked, id=38084, stack(0x000000a641900000,0x000000a641a00000)]
  0x000001e530ea6470 JavaThread "Signal Dispatcher" daemon [_thread_blocked, id=46504, stack(0x000000a641a00000,0x000000a641b00000)]
  0x000001e530eaad50 JavaThread "Attach Listener" daemon [_thread_blocked, id=51116, stack(0x000000a641b00000,0x000000a641c00000)]
  0x000001e530eabc20 JavaThread "Service Thread" daemon [_thread_blocked, id=49532, stack(0x000000a641c00000,0x000000a641d00000)]
  0x000001e530ead9d0 JavaThread "C2 CompilerThread0" daemon [_thread_in_native, id=47232, stack(0x000000a641d00000,0x000000a641e00000)]
  0x000001e530eaff00 JavaThread "C1 CompilerThread0" daemon [_thread_in_native, id=22336, stack(0x000000a641e00000,0x000000a641f00000)]
  0x000001e530ec4980 JavaThread "Sweeper thread" daemon [_thread_blocked, id=23764, stack(0x000000a641f00000,0x000000a642000000)]
  0x000001e530e738a0 JavaThread "Common-Cleaner" daemon [_thread_blocked, id=28356, stack(0x000000a642000000,0x000000a642100000)]
  0x000001e531980960 JavaThread "Monitor Ctrl-Break" daemon [_thread_in_native, id=19464, stack(0x000000a642100000,0x000000a642200000)]
  0x000001e531980e30 JavaThread "Notification Thread" daemon [_thread_blocked, id=47192, stack(0x000000a642200000,0x000000a642300000)]
=>0x000001e531baef30 JavaThread "C2 CompilerThread1" daemon [_thread_in_native, id=11720, stack(0x000000a642400000,0x000000a642500000)]
  0x000001e531bac6b0 JavaThread "C2 CompilerThread2" daemon [_thread_in_native, id=5636, stack(0x000000a642500000,0x000000a642600000)]

Other Threads:
  0x000001e530e8c170 VMThread "VM Thread" [stack: 0x000000a641700000,0x000000a641800000] [id=46068]
  0x000001e510510190 WatcherThread [stack: 0x000000a642300000,0x000000a642400000] [id=20916]
  0x000001e510550890 GCTaskThread "GC Thread#0" [stack: 0x000000a641200000,0x000000a641300000] [id=32564]
  0x000001e510561330 ConcurrentGCThread "G1 Main Marker" [stack: 0x000000a641300000,0x000000a641400000] [id=33652]
  0x000001e510561e30 ConcurrentGCThread "G1 Conc#0" [stack: 0x000000a641400000,0x000000a641500000] [id=30680]
  0x000001e5105e0ed0 ConcurrentGCThread "G1 Refine#0" [stack: 0x000000a641500000,0x000000a641600000] [id=47356]
  0x000001e5105e1880 ConcurrentGCThread "G1 Young RemSet Sampling" [stack: 0x000000a641600000,0x000000a641700000] [id=20856]

Threads with active compile tasks:
C2 CompilerThread0      175  528 %     4       sun.security.util.AbstractAlgorithmConstraints::checkAlgorithm @ 98 (140 bytes)
C2 CompilerThread1      175  529       4       java.util.HashMap::put (13 bytes)
C2 CompilerThread2      175  535       4       java.util.HashMap::putVal (300 bytes)

VM state: not at safepoint (normal execution)

VM Mutex/Monitor currently owned by a thread: None

Heap address: 0x0000000082e00000, size: 2002 MB, Compressed Oops mode: 32-bit
CDS archive(s) mapped at: [0x0000000800000000-0x0000000800b50000-0x0000000800b50000), size 11862016, SharedBaseAddress: 0x0000000800000000, ArchiveRelocationMode: 0.
Compressed class space mapped at: 0x0000000800b50000-0x0000000840b50000, size: 1073741824
Narrow klass base: 0x0000000800000000, Narrow klass shift: 3, Narrow klass range: 0x100000000

GC Precious Log:
 CPUs: 8 total, 8 available
 Memory: 8001M
 Large Page Support: Disabled
 NUMA Support: Disabled
 Compressed Oops: Enabled (32-bit)
 Heap Region Size: 1M
 Heap Min Capacity: 8M
 Heap Initial Capacity: 126M
 Heap Max Capacity: 2002M
 Pre-touch: Disabled
 Parallel Workers: 8
 Concurrent Workers: 2
 Concurrent Refinement Workers: 8
 Periodic GC: Disabled

Heap:
 garbage-first heap   total 129024K, used 7168K [0x0000000082e00000, 0x0000000100000000)
  region size 1024K, 8 young (8192K), 0 survivors (0K)
 Metaspace       used 3964K, capacity 4879K, committed 5120K, reserved 1056768K
  class space    used 404K, capacity 451K, committed 512K, reserved 1048576K

Heap Regions: E=young(eden), S=young(survivor), O=old, HS=humongous(starts), HC=humongous(continues), CS=collection set, F=free, OA=open archive, CA=closed archive, TAMS=top-at-mark-start (previous, next)
|   0|0x0000000082e00000, 0x0000000082e00000, 0x0000000082f00000|  0%| F|  |TAMS 0x0000000082e00000, 0x0000000082e00000| Untracked 
|   1|0x0000000082f00000, 0x0000000082f00000, 0x0000000083000000|  0%| F|  |TAMS 0x0000000082f00000, 0x0000000082f00000| Untracked 
|   2|0x0000000083000000, 0x0000000083000000, 0x0000000083100000|  0%| F|  |TAMS 0x0000000083000000, 0x0000000083000000| Untracked 
|   3|0x0000000083100000, 0x0000000083100000, 0x0000000083200000|  0%| F|  |TAMS 0x0000000083100000, 0x0000000083100000| Untracked 
|   4|0x0000000083200000, 0x0000000083200000, 0x0000000083300000|  0%| F|  |TAMS 0x0000000083200000, 0x0000000083200000| Untracked 
|   5|0x0000000083300000, 0x0000000083300000, 0x0000000083400000|  0%| F|  |TAMS 0x0000000083300000, 0x0000000083300000| Untracked 
|   6|0x0000000083400000, 0x0000000083400000, 0x0000000083500000|  0%| F|  |TAMS 0x0000000083400000, 0x0000000083400000| Untracked 
|   7|0x0000000083500000, 0x0000000083500000, 0x0000000083600000|  0%| F|  |TAMS 0x0000000083500000, 0x0000000083500000| Untracked 
|   8|0x0000000083600000, 0x0000000083600000, 0x0000000083700000|  0%| F|  |TAMS 0x0000000083600000, 0x0000000083600000| Untracked 
|   9|0x0000000083700000, 0x0000000083700000, 0x0000000083800000|  0%| F|  |TAMS 0x0000000083700000, 0x0000000083700000| Untracked 
|  10|0x0000000083800000, 0x0000000083800000, 0x0000000083900000|  0%| F|  |TAMS 0x0000000083800000, 0x0000000083800000| Untracked 
|  11|0x0000000083900000, 0x0000000083900000, 0x0000000083a00000|  0%| F|  |TAMS 0x0000000083900000, 0x0000000083900000| Untracked 
|  12|0x0000000083a00000, 0x0000000083a00000, 0x0000000083b00000|  0%| F|  |TAMS 0x0000000083a00000, 0x0000000083a00000| Untracked 
|  13|0x0000000083b00000, 0x0000000083b00000, 0x0000000083c00000|  0%| F|  |TAMS 0x0000000083b00000, 0x0000000083b00000| Untracked 
|  14|0x0000000083c00000, 0x0000000083c00000, 0x0000000083d00000|  0%| F|  |TAMS 0x0000000083c00000, 0x0000000083c00000| Untracked 
|  15|0x0000000083d00000, 0x0000000083d00000, 0x0000000083e00000|  0%| F|  |TAMS 0x0000000083d00000, 0x0000000083d00000| Untracked 
|  16|0x0000000083e00000, 0x0000000083e00000, 0x0000000083f00000|  0%| F|  |TAMS 0x0000000083e00000, 0x0000000083e00000| Untracked 
|  17|0x0000000083f00000, 0x0000000083f00000, 0x0000000084000000|  0%| F|  |TAMS 0x0000000083f00000, 0x0000000083f00000| Untracked 
|  18|0x0000000084000000, 0x0000000084000000, 0x0000000084100000|  0%| F|  |TAMS 0x0000000084000000, 0x0000000084000000| Untracked 
|  19|0x0000000084100000, 0x0000000084100000, 0x0000000084200000|  0%| F|  |TAMS 0x0000000084100000, 0x0000000084100000| Untracked 
|  20|0x0000000084200000, 0x0000000084200000, 0x0000000084300000|  0%| F|  |TAMS 0x0000000084200000, 0x0000000084200000| Untracked 
|  21|0x0000000084300000, 0x0000000084300000, 0x0000000084400000|  0%| F|  |TAMS 0x0000000084300000, 0x0000000084300000| Untracked 
|  22|0x0000000084400000, 0x0000000084400000, 0x0000000084500000|  0%| F|  |TAMS 0x0000000084400000, 0x0000000084400000| Untracked 
|  23|0x0000000084500000, 0x0000000084500000, 0x0000000084600000|  0%| F|  |TAMS 0x0000000084500000, 0x0000000084500000| Untracked 
|  24|0x0000000084600000, 0x0000000084600000, 0x0000000084700000|  0%| F|  |TAMS 0x0000000084600000, 0x0000000084600000| Untracked 
|  25|0x0000000084700000, 0x0000000084700000, 0x0000000084800000|  0%| F|  |TAMS 0x0000000084700000, 0x0000000084700000| Untracked 
|  26|0x0000000084800000, 0x0000000084800000, 0x0000000084900000|  0%| F|  |TAMS 0x0000000084800000, 0x0000000084800000| Untracked 
|  27|0x0000000084900000, 0x0000000084900000, 0x0000000084a00000|  0%| F|  |TAMS 0x0000000084900000, 0x0000000084900000| Untracked 
|  28|0x0000000084a00000, 0x0000000084a00000, 0x0000000084b00000|  0%| F|  |TAMS 0x0000000084a00000, 0x0000000084a00000| Untracked 
|  29|0x0000000084b00000, 0x0000000084b00000, 0x0000000084c00000|  0%| F|  |TAMS 0x0000000084b00000, 0x0000000084b00000| Untracked 
|  30|0x0000000084c00000, 0x0000000084c00000, 0x0000000084d00000|  0%| F|  |TAMS 0x0000000084c00000, 0x0000000084c00000| Untracked 
|  31|0x0000000084d00000, 0x0000000084d00000, 0x0000000084e00000|  0%| F|  |TAMS 0x0000000084d00000, 0x0000000084d00000| Untracked 
|  32|0x0000000084e00000, 0x0000000084e00000, 0x0000000084f00000|  0%| F|  |TAMS 0x0000000084e00000, 0x0000000084e00000| Untracked 
|  33|0x0000000084f00000, 0x0000000084f00000, 0x0000000085000000|  0%| F|  |TAMS 0x0000000084f00000, 0x0000000084f00000| Untracked 
|  34|0x0000000085000000, 0x0000000085000000, 0x0000000085100000|  0%| F|  |TAMS 0x0000000085000000, 0x0000000085000000| Untracked 
|  35|0x0000000085100000, 0x0000000085100000, 0x0000000085200000|  0%| F|  |TAMS 0x0000000085100000, 0x0000000085100000| Untracked 
|  36|0x0000000085200000, 0x0000000085200000, 0x0000000085300000|  0%| F|  |TAMS 0x0000000085200000, 0x0000000085200000| Untracked 
|  37|0x0000000085300000, 0x0000000085300000, 0x0000000085400000|  0%| F|  |TAMS 0x0000000085300000, 0x0000000085300000| Untracked 
|  38|0x0000000085400000, 0x0000000085400000, 0x0000000085500000|  0%| F|  |TAMS 0x0000000085400000, 0x0000000085400000| Untracked 
|  39|0x0000000085500000, 0x0000000085500000, 0x0000000085600000|  0%| F|  |TAMS 0x0000000085500000, 0x0000000085500000| Untracked 
|  40|0x0000000085600000, 0x0000000085600000, 0x0000000085700000|  0%| F|  |TAMS 0x0000000085600000, 0x0000000085600000| Untracked 
|  41|0x0000000085700000, 0x0000000085700000, 0x0000000085800000|  0%| F|  |TAMS 0x0000000085700000, 0x0000000085700000| Untracked 
|  42|0x0000000085800000, 0x0000000085800000, 0x0000000085900000|  0%| F|  |TAMS 0x0000000085800000, 0x0000000085800000| Untracked 
|  43|0x0000000085900000, 0x0000000085900000, 0x0000000085a00000|  0%| F|  |TAMS 0x0000000085900000, 0x0000000085900000| Untracked 
|  44|0x0000000085a00000, 0x0000000085a00000, 0x0000000085b00000|  0%| F|  |TAMS 0x0000000085a00000, 0x0000000085a00000| Untracked 
|  45|0x0000000085b00000, 0x0000000085b00000, 0x0000000085c00000|  0%| F|  |TAMS 0x0000000085b00000, 0x0000000085b00000| Untracked 
|  46|0x0000000085c00000, 0x0000000085c00000, 0x0000000085d00000|  0%| F|  |TAMS 0x0000000085c00000, 0x0000000085c00000| Untracked 
|  47|0x0000000085d00000, 0x0000000085d00000, 0x0000000085e00000|  0%| F|  |TAMS 0x0000000085d00000, 0x0000000085d00000| Untracked 
|  48|0x0000000085e00000, 0x0000000085e00000, 0x0000000085f00000|  0%| F|  |TAMS 0x0000000085e00000, 0x0000000085e00000| Untracked 
|  49|0x0000000085f00000, 0x0000000085f00000, 0x0000000086000000|  0%| F|  |TAMS 0x0000000085f00000, 0x0000000085f00000| Untracked 
|  50|0x0000000086000000, 0x0000000086000000, 0x0000000086100000|  0%| F|  |TAMS 0x0000000086000000, 0x0000000086000000| Untracked 
|  51|0x0000000086100000, 0x0000000086100000, 0x0000000086200000|  0%| F|  |TAMS 0x0000000086100000, 0x0000000086100000| Untracked 
|  52|0x0000000086200000, 0x0000000086200000, 0x0000000086300000|  0%| F|  |TAMS 0x0000000086200000, 0x0000000086200000| Untracked 
|  53|0x0000000086300000, 0x0000000086300000, 0x0000000086400000|  0%| F|  |TAMS 0x0000000086300000, 0x0000000086300000| Untracked 
|  54|0x0000000086400000, 0x0000000086400000, 0x0000000086500000|  0%| F|  |TAMS 0x0000000086400000, 0x0000000086400000| Untracked 
|  55|0x0000000086500000, 0x0000000086500000, 0x0000000086600000|  0%| F|  |TAMS 0x0000000086500000, 0x0000000086500000| Untracked 
|  56|0x0000000086600000, 0x0000000086600000, 0x0000000086700000|  0%| F|  |TAMS 0x0000000086600000, 0x0000000086600000| Untracked 
|  57|0x0000000086700000, 0x0000000086700000, 0x0000000086800000|  0%| F|  |TAMS 0x0000000086700000, 0x0000000086700000| Untracked 
|  58|0x0000000086800000, 0x0000000086800000, 0x0000000086900000|  0%| F|  |TAMS 0x0000000086800000, 0x0000000086800000| Untracked 
|  59|0x0000000086900000, 0x0000000086900000, 0x0000000086a00000|  0%| F|  |TAMS 0x0000000086900000, 0x0000000086900000| Untracked 
|  60|0x0000000086a00000, 0x0000000086a00000, 0x0000000086b00000|  0%| F|  |TAMS 0x0000000086a00000, 0x0000000086a00000| Untracked 
|  61|0x0000000086b00000, 0x0000000086b00000, 0x0000000086c00000|  0%| F|  |TAMS 0x0000000086b00000, 0x0000000086b00000| Untracked 
|  62|0x0000000086c00000, 0x0000000086c00000, 0x0000000086d00000|  0%| F|  |TAMS 0x0000000086c00000, 0x0000000086c00000| Untracked 
|  63|0x0000000086d00000, 0x0000000086d00000, 0x0000000086e00000|  0%| F|  |TAMS 0x0000000086d00000, 0x0000000086d00000| Untracked 
|  64|0x0000000086e00000, 0x0000000086e00000, 0x0000000086f00000|  0%| F|  |TAMS 0x0000000086e00000, 0x0000000086e00000| Untracked 
|  65|0x0000000086f00000, 0x0000000086f00000, 0x0000000087000000|  0%| F|  |TAMS 0x0000000086f00000, 0x0000000086f00000| Untracked 
|  66|0x0000000087000000, 0x0000000087000000, 0x0000000087100000|  0%| F|  |TAMS 0x0000000087000000, 0x0000000087000000| Untracked 
|  67|0x0000000087100000, 0x0000000087100000, 0x0000000087200000|  0%| F|  |TAMS 0x0000000087100000, 0x0000000087100000| Untracked 
|  68|0x0000000087200000, 0x0000000087200000, 0x0000000087300000|  0%| F|  |TAMS 0x0000000087200000, 0x0000000087200000| Untracked 
|  69|0x0000000087300000, 0x0000000087300000, 0x0000000087400000|  0%| F|  |TAMS 0x0000000087300000, 0x0000000087300000| Untracked 
|  70|0x0000000087400000, 0x0000000087400000, 0x0000000087500000|  0%| F|  |TAMS 0x0000000087400000, 0x0000000087400000| Untracked 
|  71|0x0000000087500000, 0x0000000087500000, 0x0000000087600000|  0%| F|  |TAMS 0x0000000087500000, 0x0000000087500000| Untracked 
|  72|0x0000000087600000, 0x0000000087600000, 0x0000000087700000|  0%| F|  |TAMS 0x0000000087600000, 0x0000000087600000| Untracked 
|  73|0x0000000087700000, 0x0000000087700000, 0x0000000087800000|  0%| F|  |TAMS 0x0000000087700000, 0x0000000087700000| Untracked 
|  74|0x0000000087800000, 0x0000000087800000, 0x0000000087900000|  0%| F|  |TAMS 0x0000000087800000, 0x0000000087800000| Untracked 
|  75|0x0000000087900000, 0x0000000087900000, 0x0000000087a00000|  0%| F|  |TAMS 0x0000000087900000, 0x0000000087900000| Untracked 
|  76|0x0000000087a00000, 0x0000000087a00000, 0x0000000087b00000|  0%| F|  |TAMS 0x0000000087a00000, 0x0000000087a00000| Untracked 
|  77|0x0000000087b00000, 0x0000000087b00000, 0x0000000087c00000|  0%| F|  |TAMS 0x0000000087b00000, 0x0000000087b00000| Untracked 
|  78|0x0000000087c00000, 0x0000000087c00000, 0x0000000087d00000|  0%| F|  |TAMS 0x0000000087c00000, 0x0000000087c00000| Untracked 
|  79|0x0000000087d00000, 0x0000000087d00000, 0x0000000087e00000|  0%| F|  |TAMS 0x0000000087d00000, 0x0000000087d00000| Untracked 
|  80|0x0000000087e00000, 0x0000000087e00000, 0x0000000087f00000|  0%| F|  |TAMS 0x0000000087e00000, 0x0000000087e00000| Untracked 
|  81|0x0000000087f00000, 0x0000000087f00000, 0x0000000088000000|  0%| F|  |TAMS 0x0000000087f00000, 0x0000000087f00000| Untracked 
|  82|0x0000000088000000, 0x0000000088000000, 0x0000000088100000|  0%| F|  |TAMS 0x0000000088000000, 0x0000000088000000| Untracked 
|  83|0x0000000088100000, 0x0000000088100000, 0x0000000088200000|  0%| F|  |TAMS 0x0000000088100000, 0x0000000088100000| Untracked 
|  84|0x0000000088200000, 0x0000000088200000, 0x0000000088300000|  0%| F|  |TAMS 0x0000000088200000, 0x0000000088200000| Untracked 
|  85|0x0000000088300000, 0x0000000088300000, 0x0000000088400000|  0%| F|  |TAMS 0x0000000088300000, 0x0000000088300000| Untracked 
|  86|0x0000000088400000, 0x0000000088400000, 0x0000000088500000|  0%| F|  |TAMS 0x0000000088400000, 0x0000000088400000| Untracked 
|  87|0x0000000088500000, 0x0000000088500000, 0x0000000088600000|  0%| F|  |TAMS 0x0000000088500000, 0x0000000088500000| Untracked 
|  88|0x0000000088600000, 0x0000000088600000, 0x0000000088700000|  0%| F|  |TAMS 0x0000000088600000, 0x0000000088600000| Untracked 
|  89|0x0000000088700000, 0x0000000088700000, 0x0000000088800000|  0%| F|  |TAMS 0x0000000088700000, 0x0000000088700000| Untracked 
|  90|0x0000000088800000, 0x0000000088800000, 0x0000000088900000|  0%| F|  |TAMS 0x0000000088800000, 0x0000000088800000| Untracked 
|  91|0x0000000088900000, 0x0000000088900000, 0x0000000088a00000|  0%| F|  |TAMS 0x0000000088900000, 0x0000000088900000| Untracked 
|  92|0x0000000088a00000, 0x0000000088a00000, 0x0000000088b00000|  0%| F|  |TAMS 0x0000000088a00000, 0x0000000088a00000| Untracked 
|  93|0x0000000088b00000, 0x0000000088b00000, 0x0000000088c00000|  0%| F|  |TAMS 0x0000000088b00000, 0x0000000088b00000| Untracked 
|  94|0x0000000088c00000, 0x0000000088c00000, 0x0000000088d00000|  0%| F|  |TAMS 0x0000000088c00000, 0x0000000088c00000| Untracked 
|  95|0x0000000088d00000, 0x0000000088d00000, 0x0000000088e00000|  0%| F|  |TAMS 0x0000000088d00000, 0x0000000088d00000| Untracked 
|  96|0x0000000088e00000, 0x0000000088e00000, 0x0000000088f00000|  0%| F|  |TAMS 0x0000000088e00000, 0x0000000088e00000| Untracked 
|  97|0x0000000088f00000, 0x0000000088f00000, 0x0000000089000000|  0%| F|  |TAMS 0x0000000088f00000, 0x0000000088f00000| Untracked 
|  98|0x0000000089000000, 0x0000000089000000, 0x0000000089100000|  0%| F|  |TAMS 0x0000000089000000, 0x0000000089000000| Untracked 
|  99|0x0000000089100000, 0x0000000089100000, 0x0000000089200000|  0%| F|  |TAMS 0x0000000089100000, 0x0000000089100000| Untracked 
| 100|0x0000000089200000, 0x0000000089200000, 0x0000000089300000|  0%| F|  |TAMS 0x0000000089200000, 0x0000000089200000| Untracked 
| 101|0x0000000089300000, 0x0000000089300000, 0x0000000089400000|  0%| F|  |TAMS 0x0000000089300000, 0x0000000089300000| Untracked 
| 102|0x0000000089400000, 0x0000000089400000, 0x0000000089500000|  0%| F|  |TAMS 0x0000000089400000, 0x0000000089400000| Untracked 
| 103|0x0000000089500000, 0x0000000089500000, 0x0000000089600000|  0%| F|  |TAMS 0x0000000089500000, 0x0000000089500000| Untracked 
| 104|0x0000000089600000, 0x0000000089600000, 0x0000000089700000|  0%| F|  |TAMS 0x0000000089600000, 0x0000000089600000| Untracked 
| 105|0x0000000089700000, 0x0000000089700000, 0x0000000089800000|  0%| F|  |TAMS 0x0000000089700000, 0x0000000089700000| Untracked 
| 106|0x0000000089800000, 0x0000000089800000, 0x0000000089900000|  0%| F|  |TAMS 0x0000000089800000, 0x0000000089800000| Untracked 
| 107|0x0000000089900000, 0x0000000089900000, 0x0000000089a00000|  0%| F|  |TAMS 0x0000000089900000, 0x0000000089900000| Untracked 
| 108|0x0000000089a00000, 0x0000000089a00000, 0x0000000089b00000|  0%| F|  |TAMS 0x0000000089a00000, 0x0000000089a00000| Untracked 
| 109|0x0000000089b00000, 0x0000000089b00000, 0x0000000089c00000|  0%| F|  |TAMS 0x0000000089b00000, 0x0000000089b00000| Untracked 
| 110|0x0000000089c00000, 0x0000000089c00000, 0x0000000089d00000|  0%| F|  |TAMS 0x0000000089c00000, 0x0000000089c00000| Untracked 
| 111|0x0000000089d00000, 0x0000000089d00000, 0x0000000089e00000|  0%| F|  |TAMS 0x0000000089d00000, 0x0000000089d00000| Untracked 
| 112|0x0000000089e00000, 0x0000000089e00000, 0x0000000089f00000|  0%| F|  |TAMS 0x0000000089e00000, 0x0000000089e00000| Untracked 
| 113|0x0000000089f00000, 0x0000000089f00000, 0x000000008a000000|  0%| F|  |TAMS 0x0000000089f00000, 0x0000000089f00000| Untracked 
| 114|0x000000008a000000, 0x000000008a000000, 0x000000008a100000|  0%| F|  |TAMS 0x000000008a000000, 0x000000008a000000| Untracked 
| 115|0x000000008a100000, 0x000000008a100000, 0x000000008a200000|  0%| F|  |TAMS 0x000000008a100000, 0x000000008a100000| Untracked 
| 116|0x000000008a200000, 0x000000008a200000, 0x000000008a300000|  0%| F|  |TAMS 0x000000008a200000, 0x000000008a200000| Untracked 
| 117|0x000000008a300000, 0x000000008a300000, 0x000000008a400000|  0%| F|  |TAMS 0x000000008a300000, 0x000000008a300000| Untracked 
| 118|0x000000008a400000, 0x000000008a47dc58, 0x000000008a500000| 49%| E|  |TAMS 0x000000008a400000, 0x000000008a400000| Complete 
| 119|0x000000008a500000, 0x000000008a600000, 0x000000008a600000|100%| E|CS|TAMS 0x000000008a500000, 0x000000008a500000| Complete 
| 120|0x000000008a600000, 0x000000008a700000, 0x000000008a700000|100%| E|CS|TAMS 0x000000008a600000, 0x000000008a600000| Complete 
| 121|0x000000008a700000, 0x000000008a800000, 0x000000008a800000|100%| E|CS|TAMS 0x000000008a700000, 0x000000008a700000| Complete 
| 122|0x000000008a800000, 0x000000008a900000, 0x000000008a900000|100%| E|CS|TAMS 0x000000008a800000, 0x000000008a800000| Complete 
| 123|0x000000008a900000, 0x000000008aa00000, 0x000000008aa00000|100%| E|CS|TAMS 0x000000008a900000, 0x000000008a900000| Complete 
| 124|0x000000008aa00000, 0x000000008ab00000, 0x000000008ab00000|100%| E|CS|TAMS 0x000000008aa00000, 0x000000008aa00000| Complete 
| 125|0x000000008ab00000, 0x000000008ac00000, 0x000000008ac00000|100%| E|CS|TAMS 0x000000008ab00000, 0x000000008ab00000| Complete 

Card table byte_map: [0x000001e529d70000,0x000001e52a160000] _byte_map_base: 0x000001e529959000

Marking Bits (Prev, Next): (CMBitMap*) 0x000001e510550f90, (CMBitMap*) 0x000001e510550fd0
 Prev Bits: [0x000001e52a550000, 0x000001e52c498000)
 Next Bits: [0x000001e52c4a0000, 0x000001e52e3e8000)

Polling page: 0x000001e510450000

Metaspace:

Usage:
  Non-class:      4.33 MB capacity,     3.49 MB ( 81%) used,   852.13 KB ( 19%) free+waste,     3.69 KB ( <1%) overhead. 
      Class:    452.00 KB capacity,   405.71 KB ( 90%) used,    44.29 KB ( 10%) free+waste,     2.00 KB ( <1%) overhead. 
       Both:      4.77 MB capacity,     3.89 MB ( 82%) used,   896.42 KB ( 18%) free+waste,     5.69 KB ( <1%) overhead. 

Virtual space:
  Non-class space:        8.00 MB reserved,       4.50 MB ( 56%) committed 
      Class space:        1.00 GB reserved,     512.00 KB ( <1%) committed 
             Both:        1.01 GB reserved,       5.00 MB ( <1%) committed 

Chunk freelists:
   Non-Class:  3.00 KB
       Class:  0 bytes
        Both:  3.00 KB

MaxMetaspaceSize: 17179869184.00 GB
CompressedClassSpaceSize: 1.00 GB

CodeHeap 'non-profiled nmethods': size=120000Kb used=187Kb max_used=187Kb free=119813Kb
 bounds [0x000001e5219f0000, 0x000001e521c60000, 0x000001e528f20000]
CodeHeap 'profiled nmethods': size=120000Kb used=913Kb max_used=913Kb free=119087Kb
 bounds [0x000001e51a4c0000, 0x000001e51a730000, 0x000001e5219f0000]
CodeHeap 'non-nmethods': size=5760Kb used=1153Kb max_used=1179Kb free=4606Kb
 bounds [0x000001e519f20000, 0x000001e51a190000, 0x000001e51a4c0000]
 total_blobs=1012 nmethods=607 adapters=318
 compilation: enabled
              stopped_count=0, restarted_count=0
 full_count=0

Compilation events (20 events):
Event: 0.158 Thread 0x000001e530eaff00 nmethod 544 0x000001e51a57a810 code [0x000001e51a57aa80, 0x000001e51a57b2a8]
Event: 0.158 Thread 0x000001e530eaff00  543       3       sun.security.util.ObjectIdentifier::checkOtherComponent (41 bytes)
Event: 0.158 Thread 0x000001e530eaff00 nmethod 543 0x000001e51a57b610 code [0x000001e51a57b860, 0x000001e51a57bf68]
Event: 0.158 Thread 0x000001e531baef30 nmethod 510 0x000001e521a1de90 code [0x000001e521a1e020, 0x000001e521a1e158]
Event: 0.158 Thread 0x000001e531baef30  529       4       java.util.HashMap::put (13 bytes)
Event: 0.159 Thread 0x000001e530eaff00  547       3       sun.security.util.ObjectIdentifier::pack (221 bytes)
Event: 0.159 Thread 0x000001e530eaff00 nmethod 547 0x000001e51a57c210 code [0x000001e51a57c3e0, 0x000001e51a57ca28]
Event: 0.159 Thread 0x000001e530eaff00  546       3       sun.security.util.ObjectIdentifier::pack7Oid (84 bytes)
Event: 0.159 Thread 0x000001e530eaff00 nmethod 546 0x000001e51a57cc90 code [0x000001e51a57ce60, 0x000001e51a57d198]
Event: 0.159 Thread 0x000001e530eaff00  545       3       sun.security.util.ObjectIdentifier::pack7Oid (42 bytes)
Event: 0.160 Thread 0x000001e530eaff00 nmethod 545 0x000001e51a57d310 code [0x000001e51a57d4c0, 0x000001e51a57d6a8]
Event: 0.165 Thread 0x000001e530eaff00  548       3       sun.invoke.util.VerifyAccess::isSamePackage (32 bytes)
Event: 0.165 Thread 0x000001e530eaff00 nmethod 548 0x000001e51a57d790 code [0x000001e51a57dac0, 0x000001e51a57f088]
Event: 0.165 Thread 0x000001e530eaff00  549       1       jdk.internal.jimage.ImageHeader::getTableLength (5 bytes)
Event: 0.165 Thread 0x000001e530eaff00 nmethod 549 0x000001e521a1e290 code [0x000001e521a1e420, 0x000001e521a1e4d8]
Event: 0.165 Thread 0x000001e530eaff00  550       3       jdk.internal.misc.Unsafe::getInt (7 bytes)
Event: 0.165 Thread 0x000001e530eaff00 nmethod 550 0x000001e51a57f710 code [0x000001e51a57f8a0, 0x000001e51a57f9b8]
Event: 0.166 Thread 0x000001e530eaff00  551       3       java.nio.Buffer::checkIndex (22 bytes)
Event: 0.166 Thread 0x000001e530eaff00 nmethod 551 0x000001e51a57fa90 code [0x000001e51a57fc40, 0x000001e51a57fe28]
Event: 0.166 Thread 0x000001e530eaff00  553       3       java.util.concurrent.ConcurrentHashMap$Traverser::advance (188 bytes)

GC Heap History (0 events):
No events

Deoptimization events (20 events):
Event: 0.050 Thread 0x000001e51050f150 Uncommon trap: trap_request=0xffffff45 fr.pc=0x000001e5219f6658 relative=0x0000000000000058
Event: 0.050 Thread 0x000001e51050f150 Uncommon trap: reason=unstable_if action=reinterpret pc=0x000001e5219f6658 method=java.lang.String.isLatin1()Z @ 10 c2
Event: 0.050 Thread 0x000001e51050f150 DEOPT PACKING pc=0x000001e5219f6658 sp=0x000000a6411fc5e0
Event: 0.050 Thread 0x000001e51050f150 DEOPT UNPACKING pc=0x000001e519f6e42f sp=0x000000a6411fc570 mode 2
Event: 0.057 Thread 0x000001e51050f150 Uncommon trap: trap_request=0xffffff45 fr.pc=0x000001e5219fea20 relative=0x0000000000000080
Event: 0.057 Thread 0x000001e51050f150 Uncommon trap: reason=unstable_if action=reinterpret pc=0x000001e5219fea20 method=java.lang.String.charAt(I)C @ 4 c2
Event: 0.057 Thread 0x000001e51050f150 DEOPT PACKING pc=0x000001e5219fea20 sp=0x000000a6411feb30
Event: 0.057 Thread 0x000001e51050f150 DEOPT UNPACKING pc=0x000001e519f6e42f sp=0x000000a6411fead0 mode 2
Event: 0.085 Thread 0x000001e51050f150 Uncommon trap: trap_request=0xffffff45 fr.pc=0x000001e5219fd5b0 relative=0x0000000000000850
Event: 0.085 Thread 0x000001e51050f150 Uncommon trap: reason=unstable_if action=reinterpret pc=0x000001e5219fd5b0 method=java.util.HashMap.putVal(ILjava/lang/Object;Ljava/lang/Object;ZZ)Ljava/lang/Object; @ 181 c2
Event: 0.085 Thread 0x000001e51050f150 DEOPT PACKING pc=0x000001e5219fd5b0 sp=0x000000a6411fe850
Event: 0.085 Thread 0x000001e51050f150 DEOPT UNPACKING pc=0x000001e519f6e42f sp=0x000000a6411fe7e0 mode 2
Event: 0.145 Thread 0x000001e51050f150 Uncommon trap: trap_request=0xffffff45 fr.pc=0x000001e521a1952c relative=0x000000000000046c
Event: 0.145 Thread 0x000001e51050f150 Uncommon trap: reason=unstable_if action=reinterpret pc=0x000001e521a1952c method=java.lang.StringLatin1.regionMatchesCI([BI[BII)Z @ 72 c2
Event: 0.145 Thread 0x000001e51050f150 DEOPT PACKING pc=0x000001e521a1952c sp=0x000000a6411fda10
Event: 0.145 Thread 0x000001e51050f150 DEOPT UNPACKING pc=0x000001e519f6e42f sp=0x000000a6411fd870 mode 2
Event: 0.161 Thread 0x000001e51050f150 Uncommon trap: trap_request=0xffffff45 fr.pc=0x000001e521a1c110 relative=0x0000000000000650
Event: 0.161 Thread 0x000001e51050f150 Uncommon trap: reason=unstable_if action=reinterpret pc=0x000001e521a1c110 method=java.lang.String.equalsIgnoreCase(Ljava/lang/String;)Z @ 10 c2
Event: 0.161 Thread 0x000001e51050f150 DEOPT PACKING pc=0x000001e521a1c110 sp=0x000000a6411fc280
Event: 0.161 Thread 0x000001e51050f150 DEOPT UNPACKING pc=0x000001e519f6e42f sp=0x000000a6411fc240 mode 2

Classes unloaded (0 events):
No events

Classes redefined (0 events):
No events

Internal exceptions (12 events):
Event: 0.060 Thread 0x000001e531980960 Exception <a 'java/lang/NoSuchMethodError'{0x000000008aa7eaf8}: 'java.lang.Object java.lang.invoke.DirectMethodHandle$Holder.invokeStatic(java.lang.Object)'> (0x000000008aa7eaf8) 
thrown [./open/src/hotspot/share/interpreter/linkResolver.cpp, line 782]
Event: 0.060 Thread 0x000001e531980960 Exception <a 'java/lang/NoSuchMethodError'{0x000000008aa82408}: 'java.lang.Object java.lang.invoke.DirectMethodHandle$Holder.invokeStaticInit(java.lang.Object)'> (0x000000008aa82408) 
thrown [./open/src/hotspot/share/interpreter/linkResolver.cpp, line 782]
Event: 0.063 Thread 0x000001e531980960 Exception <a 'java/lang/NoSuchMethodError'{0x000000008aa8f7c8}: 'void java.lang.invoke.DirectMethodHandle$Holder.invokeStatic(java.lang.Object, java.lang.Object)'> (0x000000008aa8f7c8) 
thrown [./open/src/hotspot/share/interpreter/linkResolver.cpp, line 782]
Event: 0.073 Thread 0x000001e51050f150 Exception <a 'java/lang/NoSuchMethodError'{0x000000008a917590}: 'void java.lang.invoke.DirectMethodHandle$Holder.invokeSpecial(java.lang.Object, java.lang.Object, java.lang.Object)'> (0x000000008a917590) 
thrown [./open/src/hotspot/share/interpreter/linkResolver.cpp, line 782]
Event: 0.082 Thread 0x000001e51050f150 Exception <a 'java/lang/NoSuchMethodError'{0x000000008a948a70}: 'void java.lang.invoke.DirectMethodHandle$Holder.invokeStaticInit(java.lang.Object, java.lang.Object)'> (0x000000008a948a70) 
thrown [./open/src/hotspot/share/interpreter/linkResolver.cpp, line 782]
Event: 0.111 Thread 0x000001e51050f150 Exception <a 'java/lang/NoSuchMethodError'{0x000000008a85fff8}: 'java.lang.Object java.lang.invoke.DirectMethodHandle$Holder.invokeStaticInit(java.lang.Object, int, int, int, int)'> (0x000000008a85fff8) 
thrown [./open/src/hotspot/share/interpreter/linkResolver.cpp, line 782]
Event: 0.112 Thread 0x000001e51050f150 Exception <a 'sun/nio/fs/WindowsException'{0x000000008a8668b8}> (0x000000008a8668b8) 
thrown [./open/src/hotspot/share/prims/jni.cpp, line 578]
Event: 0.120 Thread 0x000001e51050f150 Exception <a 'java/lang/NoSuchMethodError'{0x000000008a8938e8}: 'int java.lang.invoke.DirectMethodHandle$Holder.invokeStaticInit(java.lang.Object, java.lang.Object, java.lang.Object, java.lang.Object)'> (0x000000008a8938e8) 
thrown [./open/src/hotspot/share/interpreter/linkResolver.cpp, line 782]
Event: 0.121 Thread 0x000001e51050f150 Exception <a 'java/lang/NoSuchMethodError'{0x000000008a89e7d0}: 'java.lang.Object java.lang.invoke.DirectMethodHandle$Holder.invokeInterface(java.lang.Object, java.lang.Object)'> (0x000000008a89e7d0) 
thrown [./open/src/hotspot/share/interpreter/linkResolver.cpp, line 782]
Event: 0.121 Thread 0x000001e51050f150 Exception <a 'java/lang/IncompatibleClassChangeError'{0x000000008a8a21c8}: Found class java.lang.Object, but interface was expected> (0x000000008a8a21c8) 
thrown [./open/src/hotspot/share/interpreter/linkResolver.cpp, line 848]
Event: 0.121 Thread 0x000001e51050f150 Exception <a 'java/lang/NoSuchMethodError'{0x000000008a8a8088}: 'int java.lang.invoke.DirectMethodHandle$Holder.invokeStaticInit(java.lang.Object, java.lang.Object)'> (0x000000008a8a8088) 
thrown [./open/src/hotspot/share/interpreter/linkResolver.cpp, line 782]
Event: 0.161 Thread 0x000001e51050f150 Implicit null exception at 0x000001e521a1baf5 to 0x000001e521a1c0fc

Events (20 events):
Event: 0.164 loading class sun/security/x509/X509AttributeName
Event: 0.164 loading class sun/security/x509/X509AttributeName done
Event: 0.164 loading class sun/security/util/MemoryCache$SoftCacheEntry
Event: 0.164 loading class sun/security/util/MemoryCache$CacheEntry
Event: 0.164 loading class sun/security/util/MemoryCache$CacheEntry done
Event: 0.164 loading class sun/security/util/MemoryCache$SoftCacheEntry done
Event: 0.164 loading class jdk/internal/event/X509CertificateEvent
Event: 0.164 loading class jdk/internal/event/Event
Event: 0.164 loading class jdk/internal/event/Event done
Event: 0.164 loading class jdk/internal/event/X509CertificateEvent done
Event: 0.164 loading class jdk/internal/event/EventHelper
Event: 0.164 loading class jdk/internal/event/EventHelper done
Event: 0.165 loading class java/lang/System$Logger$Level
Event: 0.165 loading class java/lang/System$Logger$Level done
Event: 0.165 loading class jdk/internal/logger/LazyLoggers
Event: 0.165 loading class jdk/internal/logger/LazyLoggers done
Event: 0.165 loading class jdk/internal/logger/LazyLoggers$1
Event: 0.165 loading class jdk/internal/logger/LazyLoggers$1 done
Event: 0.165 loading class jdk/internal/logger/LazyLoggers$LazyLoggerFactories
Event: 0.165 loading class jdk/internal/logger/LazyLoggers$LazyLoggerFactories done


Dynamic libraries:
0x00007ff7ca430000 - 0x00007ff7ca43d000 	C:\Users\RAES\.jdks\openjdk-15.0.2\bin\java.exe
0x00007ff916750000 - 0x00007ff916946000 	C:\Windows\SYSTEM32\ntdll.dll
0x00007ff914b70000 - 0x00007ff914c2d000 	C:\Windows\System32\KERNEL32.DLL
0x00007ff913f20000 - 0x00007ff9141e9000 	C:\Windows\System32\KERNELBASE.dll
0x00007ff9145a0000 - 0x00007ff9146a0000 	C:\Windows\System32\ucrtbase.dll
0x00007ff9023e0000 - 0x00007ff9023f8000 	C:\Users\RAES\.jdks\openjdk-15.0.2\bin\jli.dll
0x00007ff9023c0000 - 0x00007ff9023d9000 	C:\Users\RAES\.jdks\openjdk-15.0.2\bin\VCRUNTIME140.dll
0x00007ff915bd0000 - 0x00007ff915d70000 	C:\Windows\System32\USER32.dll
0x00007ff8f8f10000 - 0x00007ff8f91ab000 	C:\Windows\WinSxS\amd64_microsoft.windows.common-controls_6595b64144ccf1df_6.0.19041.746_none_ca02b4b61b8320a4\COMCTL32.dll
0x00007ff9142a0000 - 0x00007ff9142c2000 	C:\Windows\System32\win32u.dll
0x00007ff915d70000 - 0x00007ff915e0e000 	C:\Windows\System32\msvcrt.dll
0x00007ff914e90000 - 0x00007ff914eba000 	C:\Windows\System32\GDI32.dll
0x00007ff9146a0000 - 0x00007ff9147ab000 	C:\Windows\System32\gdi32full.dll
0x00007ff914320000 - 0x00007ff9143bd000 	C:\Windows\System32\msvcp_win.dll
0x00007ff914c30000 - 0x00007ff914c60000 	C:\Windows\System32\IMM32.DLL
0x00007ff90fb60000 - 0x00007ff90fb6c000 	C:\Users\RAES\.jdks\openjdk-15.0.2\bin\vcruntime140_1.dll
0x00007ff8e8530000 - 0x00007ff8e85c1000 	C:\Users\RAES\.jdks\openjdk-15.0.2\bin\msvcp140.dll
0x00007ff8c3fe0000 - 0x00007ff8c4b3e000 	C:\Users\RAES\.jdks\openjdk-15.0.2\bin\server\jvm.dll
0x00007ff914de0000 - 0x00007ff914e8c000 	C:\Windows\System32\ADVAPI32.dll
0x00007ff914d40000 - 0x00007ff914ddc000 	C:\Windows\System32\sechost.dll
0x00007ff915580000 - 0x00007ff9156ab000 	C:\Windows\System32\RPCRT4.dll
0x00007ff915350000 - 0x00007ff915358000 	C:\Windows\System32\PSAPI.DLL
0x00007ff910b90000 - 0x00007ff910b99000 	C:\Windows\SYSTEM32\WSOCK32.dll
0x00007ff90f5e0000 - 0x00007ff90f5ea000 	C:\Windows\SYSTEM32\VERSION.dll
0x00007ff8f8e50000 - 0x00007ff8f8e77000 	C:\Windows\SYSTEM32\WINMM.dll
0x00007ff9153f0000 - 0x00007ff91545b000 	C:\Windows\System32\WS2_32.dll
0x00007ff911e00000 - 0x00007ff911e12000 	C:\Windows\SYSTEM32\kernel.appcore.dll
0x00007ff90f5c0000 - 0x00007ff90f5ca000 	C:\Users\RAES\.jdks\openjdk-15.0.2\bin\jimage.dll
0x00007ff8f9c00000 - 0x00007ff8f9de4000 	C:\Windows\SYSTEM32\DBGHELP.DLL
0x00007ff8f9bd0000 - 0x00007ff8f9bfc000 	C:\Windows\SYSTEM32\dbgcore.DLL
0x00007ff9143c0000 - 0x00007ff914440000 	C:\Windows\System32\bcryptPrimitives.dll
0x00007ff90f4f0000 - 0x00007ff90f4fe000 	C:\Users\RAES\.jdks\openjdk-15.0.2\bin\instrument.dll
0x00007ff9014b0000 - 0x00007ff9014d5000 	C:\Users\RAES\.jdks\openjdk-15.0.2\bin\java.dll
0x00007ff915fc0000 - 0x00007ff916702000 	C:\Windows\System32\SHELL32.dll
0x00007ff912000000 - 0x00007ff912790000 	C:\Windows\SYSTEM32\windows.storage.dll
0x00007ff914ec0000 - 0x00007ff915216000 	C:\Windows\System32\combase.dll
0x00007ff913880000 - 0x00007ff9138ac000 	C:\Windows\SYSTEM32\Wldp.dll
0x00007ff915470000 - 0x00007ff91551e000 	C:\Windows\System32\SHCORE.dll
0x00007ff915520000 - 0x00007ff915575000 	C:\Windows\System32\shlwapi.dll
0x00007ff913dc0000 - 0x00007ff913de6000 	C:\Windows\SYSTEM32\profapi.dll
0x00007ff9023a0000 - 0x00007ff9023b8000 	C:\Users\RAES\.jdks\openjdk-15.0.2\bin\zip.dll
0x00007ff900910000 - 0x00007ff900929000 	C:\Users\RAES\.jdks\openjdk-15.0.2\bin\net.dll
0x00007ff906150000 - 0x00007ff906250000 	C:\Windows\SYSTEM32\WINHTTP.dll
0x00007ff913600000 - 0x00007ff91366a000 	C:\Windows\system32\mswsock.dll
0x00007ff9008f0000 - 0x00007ff900902000 	C:\Users\RAES\.jdks\openjdk-15.0.2\bin\nio.dll
0x00007ff8f1e20000 - 0x00007ff8f1e3a000 	C:\Program Files\JetBrains\IntelliJ IDEA 2020.3.2\bin\breakgen64.dll
0x00007ff9014a0000 - 0x00007ff9014ad000 	C:\Users\RAES\.jdks\openjdk-15.0.2\bin\sunmscapi.dll
0x00007ff914440000 - 0x00007ff914596000 	C:\Windows\System32\CRYPT32.dll
0x00007ff9138f0000 - 0x00007ff913917000 	C:\Windows\SYSTEM32\ncrypt.dll
0x00007ff9138b0000 - 0x00007ff9138eb000 	C:\Windows\SYSTEM32\NTASN1.dll

dbghelp: loaded successfully - version: 4.0.5 - missing functions: none
symbol engine: initialized successfully - sym options: 0x614 - pdb path: .;C:\Users\RAES\.jdks\openjdk-15.0.2\bin;C:\Windows\SYSTEM32;C:\Windows\WinSxS\amd64_microsoft.windows.common-controls_6595b64144ccf1df_6.0.19041.746_none_ca02b4b61b8320a4;C:\Users\RAES\.jdks\openjdk-15.0.2\bin\server;C:\Program Files\JetBrains\IntelliJ IDEA 2020.3.2\bin

VM Arguments:
jvm_args: -javaagent:C:\Program Files\JetBrains\IntelliJ IDEA 2020.3.2\lib\idea_rt.jar=56650:C:\Program Files\JetBrains\IntelliJ IDEA 2020.3.2\bin -Dfile.encoding=UTF-8 
java_command: com.raes.Main
java_class_path (initial): C:\Users\RAES\IdeaProjects\ApiExample\out\production\ApiExample
Launcher Type: SUN_STANDARD

[Global flags]
     intx CICompilerCount                          = 4                                         {product} {ergonomic}
     uint ConcGCThreads                            = 2                                         {product} {ergonomic}
     uint G1ConcRefinementThreads                  = 8                                         {product} {ergonomic}
   size_t G1HeapRegionSize                         = 1048576                                   {product} {ergonomic}
    uintx GCDrainStackTargetSize                   = 64                                        {product} {ergonomic}
   size_t InitialHeapSize                          = 132120576                                 {product} {ergonomic}
   size_t MarkStackSize                            = 4194304                                   {product} {ergonomic}
   size_t MaxHeapSize                              = 2099249152                                {product} {ergonomic}
   size_t MaxNewSize                               = 1259339776                                {product} {ergonomic}
   size_t MinHeapDeltaBytes                        = 1048576                                   {product} {ergonomic}
   size_t MinHeapSize                              = 8388608                                   {product} {ergonomic}
    uintx NonNMethodCodeHeapSize                   = 5839372                                {pd product} {ergonomic}
    uintx NonProfiledCodeHeapSize                  = 122909434                              {pd product} {ergonomic}
    uintx ProfiledCodeHeapSize                     = 122909434                              {pd product} {ergonomic}
    uintx ReservedCodeCacheSize                    = 251658240                              {pd product} {ergonomic}
     bool SegmentedCodeCache                       = true                                      {product} {ergonomic}
   size_t SoftMaxHeapSize                          = 2099249152                             {manageable} {ergonomic}
     bool UseCompressedClassPointers               = true                                 {lp64_product} {ergonomic}
     bool UseCompressedOops                        = true                                 {lp64_product} {ergonomic}
     bool UseG1GC                                  = true                                      {product} {ergonomic}
     bool UseLargePagesIndividualAllocation        = false                                  {pd product} {ergonomic}

Logging:
Log output configuration:
 #0: stdout all=warning uptime,level,tags
 #1: stderr all=off uptime,level,tags

Environment Variables:
PATH=C:\Program Files (x86)\Razer\ChromaBroadcast\bin;C:\Program Files\Razer\ChromaBroadcast\bin;C:\Windows\system32;C:\Windows;C:\Windows\System32\Wbem;C:\Windows\System32\WindowsPowerShell\v1.0\;C:\Windows\System32\OpenSSH\;C:\Windows\system32\config\systemprofile\AppData\Local\Microsoft\WindowsApps;C:\Users\RAES\AppData\Local\Programs\Python\Python39\Scripts\;C:\Users\RAES\AppData\Local\Programs\Python\Python39\;C:\Program Files (x86)\Razer\ChromaBroadcast\bin;C:\Program Files\Razer\ChromaBroadcast\bin;C:\Windows\system32;C:\Windows;C:\Windows\System32\Wbem;C:\Windows\System32\WindowsPowerShell\v1.0\;C:\Windows\System32\OpenSSH\;C:\Windows\system32\config\systemprofile\AppData\Local\Microsoft\WindowsApps;C:\Users\RAES\AppData\Local\Microsoft\WindowsApps;;C:\Python34\Scripts
USERNAME=RAES
OS=Windows_NT
PROCESSOR_IDENTIFIER=Intel64 Family 6 Model 158 Stepping 13, GenuineIntel



---------------  S Y S T E M  ---------------

OS:
 Windows 10 , 64 bit Build 19041 (10.0.19041.804)
OS uptime: 6 days 16:18 hours

CPU: total 8 (initial active 8) (8 cores per cpu, 1 threads per core) family 6 model 158 stepping 13 microcode 0xde, cmov, cx8, fxsr, mmx, sse, sse2, sse3, ssse3, sse4.1, sse4.2, popcnt, vzeroupper, avx, avx2, aes, clmul, erms, 3dnowpref, lzcnt, tsc, tscinvbit, bmi1, bmi2, adx, fma, clflush, clflushopt

Memory: 4k page, system-wide physical 8001M (1190M free)
TotalPageFile size 11793M (AvailPageFile size 5M)
current process WorkingSet (physical memory assigned to process): 53M, peak: 53M
current process commit charge ("private bytes"): 221M, peak: 221M

vm_info: OpenJDK 64-Bit Server VM (15.0.2+7-27) for windows-amd64 JRE (15.0.2+7-27), built on Dec  7 2020 20:02:38 by "mach5one" with unknown MS VC++:1925

END.
